{
  "/home/duncan/projects/bugtracker/packages/frontend/src/ui/theme.js": {
    "path": "/home/duncan/projects/bugtracker/packages/frontend/src/ui/theme.js",
    "statementMap": {
      "0": {
        "start": {
          "line": 4,
          "column": 19
        },
        "end": {
          "line": 10,
          "column": 1
        }
      },
      "1": {
        "start": {
          "line": 12,
          "column": 21
        },
        "end": {
          "line": 32,
          "column": 1
        }
      },
      "2": {
        "start": {
          "line": 34,
          "column": 27
        },
        "end": {
          "line": 44,
          "column": 1
        }
      }
    },
    "fnMap": {},
    "branchMap": {},
    "s": {
      "0": 13,
      "1": 13,
      "2": 13
    },
    "f": {},
    "b": {},
    "_coverageSchema": "1a1c01bbd47fc00a2c39e90264f33305004495a9",
    "hash": "9cee191c076b435b632376448695916323f3e1b7"
  },
  "/home/duncan/projects/bugtracker/packages/frontend/src/ui/components/LoadingSpinner.js": {
    "path": "/home/duncan/projects/bugtracker/packages/frontend/src/ui/components/LoadingSpinner.js",
    "statementMap": {
      "0": {
        "start": {
          "line": 5,
          "column": 23
        },
        "end": {
          "line": 17,
          "column": 1
        }
      },
      "1": {
        "start": {
          "line": 6,
          "column": 2
        },
        "end": {
          "line": 16,
          "column": 8
        }
      }
    },
    "fnMap": {
      "0": {
        "name": "(anonymous_0)",
        "decl": {
          "start": {
            "line": 5,
            "column": 23
          },
          "end": {
            "line": 5,
            "column": 24
          }
        },
        "loc": {
          "start": {
            "line": 6,
            "column": 2
          },
          "end": {
            "line": 16,
            "column": 8
          }
        },
        "line": 6
      }
    },
    "branchMap": {},
    "s": {
      "0": 13,
      "1": 84
    },
    "f": {
      "0": 84
    },
    "b": {},
    "_coverageSchema": "1a1c01bbd47fc00a2c39e90264f33305004495a9",
    "hash": "654c8c2b395957cb6d6590461de44f91c14719d0"
  },
  "/home/duncan/projects/bugtracker/packages/frontend/src/context/AuthContext.js": {
    "path": "/home/duncan/projects/bugtracker/packages/frontend/src/context/AuthContext.js",
    "statementMap": {
      "0": {
        "start": {
          "line": 6,
          "column": 21
        },
        "end": {
          "line": 14,
          "column": 1
        }
      },
      "1": {
        "start": {
          "line": 16,
          "column": 29
        },
        "end": {
          "line": 25,
          "column": 1
        }
      },
      "2": {
        "start": {
          "line": 27,
          "column": 28
        },
        "end": {
          "line": 36,
          "column": 1
        }
      },
      "3": {
        "start": {
          "line": 38,
          "column": 20
        },
        "end": {
          "line": 38,
          "column": 41
        }
      },
      "4": {
        "start": {
          "line": 40,
          "column": 21
        },
        "end": {
          "line": 85,
          "column": 1
        }
      },
      "5": {
        "start": {
          "line": 41,
          "column": 37
        },
        "end": {
          "line": 43,
          "column": 4
        }
      },
      "6": {
        "start": {
          "line": 44,
          "column": 22
        },
        "end": {
          "line": 44,
          "column": 78
        }
      },
      "7": {
        "start": {
          "line": 45,
          "column": 23
        },
        "end": {
          "line": 47,
          "column": 4
        }
      },
      "8": {
        "start": {
          "line": 49,
          "column": 16
        },
        "end": {
          "line": 57,
          "column": 6
        }
      },
      "9": {
        "start": {
          "line": 50,
          "column": 4
        },
        "end": {
          "line": 57,
          "column": 6
        }
      },
      "10": {
        "start": {
          "line": 51,
          "column": 6
        },
        "end": {
          "line": 55,
          "column": 7
        }
      },
      "11": {
        "start": {
          "line": 52,
          "column": 26
        },
        "end": {
          "line": 52,
          "column": 44
        }
      },
      "12": {
        "start": {
          "line": 53,
          "column": 8
        },
        "end": {
          "line": 53,
          "column": 50
        }
      },
      "13": {
        "start": {
          "line": 54,
          "column": 8
        },
        "end": {
          "line": 54,
          "column": 18
        }
      },
      "14": {
        "start": {
          "line": 56,
          "column": 6
        },
        "end": {
          "line": 56,
          "column": 17
        }
      },
      "15": {
        "start": {
          "line": 59,
          "column": 17
        },
        "end": {
          "line": 69,
          "column": 6
        }
      },
      "16": {
        "start": {
          "line": 60,
          "column": 4
        },
        "end": {
          "line": 69,
          "column": 6
        }
      },
      "17": {
        "start": {
          "line": 63,
          "column": 6
        },
        "end": {
          "line": 67,
          "column": 7
        }
      },
      "18": {
        "start": {
          "line": 64,
          "column": 26
        },
        "end": {
          "line": 64,
          "column": 45
        }
      },
      "19": {
        "start": {
          "line": 65,
          "column": 8
        },
        "end": {
          "line": 65,
          "column": 50
        }
      },
      "20": {
        "start": {
          "line": 66,
          "column": 8
        },
        "end": {
          "line": 66,
          "column": 18
        }
      },
      "21": {
        "start": {
          "line": 68,
          "column": 6
        },
        "end": {
          "line": 68,
          "column": 17
        }
      },
      "22": {
        "start": {
          "line": 71,
          "column": 18
        },
        "end": {
          "line": 71,
          "column": 30
        }
      },
      "23": {
        "start": {
          "line": 72,
          "column": 17
        },
        "end": {
          "line": 76,
          "column": 3
        }
      },
      "24": {
        "start": {
          "line": 73,
          "column": 4
        },
        "end": {
          "line": 73,
          "column": 42
        }
      },
      "25": {
        "start": {
          "line": 74,
          "column": 4
        },
        "end": {
          "line": 74,
          "column": 22
        }
      },
      "26": {
        "start": {
          "line": 75,
          "column": 4
        },
        "end": {
          "line": 75,
          "column": 14
        }
      },
      "27": {
        "start": {
          "line": 78,
          "column": 2
        },
        "end": {
          "line": 80,
          "column": 3
        }
      },
      "28": {
        "start": {
          "line": 79,
          "column": 4
        },
        "end": {
          "line": 79,
          "column": 30
        }
      },
      "29": {
        "start": {
          "line": 81,
          "column": 2
        },
        "end": {
          "line": 84,
          "column": 4
        }
      },
      "30": {
        "start": {
          "line": 87,
          "column": 16
        },
        "end": {
          "line": 87,
          "column": 51
        }
      },
      "31": {
        "start": {
          "line": 87,
          "column": 22
        },
        "end": {
          "line": 87,
          "column": 51
        }
      }
    },
    "fnMap": {
      "0": {
        "name": "(anonymous_0)",
        "decl": {
          "start": {
            "line": 40,
            "column": 21
          },
          "end": {
            "line": 40,
            "column": 22
          }
        },
        "loc": {
          "start": {
            "line": 40,
            "column": 32
          },
          "end": {
            "line": 85,
            "column": 1
          }
        },
        "line": 40
      },
      "1": {
        "name": "(anonymous_1)",
        "decl": {
          "start": {
            "line": 49,
            "column": 16
          },
          "end": {
            "line": 49,
            "column": 17
          }
        },
        "loc": {
          "start": {
            "line": 50,
            "column": 4
          },
          "end": {
            "line": 57,
            "column": 6
          }
        },
        "line": 50
      },
      "2": {
        "name": "(anonymous_2)",
        "decl": {
          "start": {
            "line": 50,
            "column": 55
          },
          "end": {
            "line": 50,
            "column": 56
          }
        },
        "loc": {
          "start": {
            "line": 50,
            "column": 64
          },
          "end": {
            "line": 57,
            "column": 5
          }
        },
        "line": 50
      },
      "3": {
        "name": "(anonymous_3)",
        "decl": {
          "start": {
            "line": 59,
            "column": 17
          },
          "end": {
            "line": 59,
            "column": 18
          }
        },
        "loc": {
          "start": {
            "line": 60,
            "column": 4
          },
          "end": {
            "line": 69,
            "column": 6
          }
        },
        "line": 60
      },
      "4": {
        "name": "(anonymous_4)",
        "decl": {
          "start": {
            "line": 62,
            "column": 12
          },
          "end": {
            "line": 62,
            "column": 13
          }
        },
        "loc": {
          "start": {
            "line": 62,
            "column": 21
          },
          "end": {
            "line": 69,
            "column": 5
          }
        },
        "line": 62
      },
      "5": {
        "name": "(anonymous_5)",
        "decl": {
          "start": {
            "line": 72,
            "column": 17
          },
          "end": {
            "line": 72,
            "column": 18
          }
        },
        "loc": {
          "start": {
            "line": 72,
            "column": 23
          },
          "end": {
            "line": 76,
            "column": 3
          }
        },
        "line": 72
      },
      "6": {
        "name": "(anonymous_6)",
        "decl": {
          "start": {
            "line": 87,
            "column": 16
          },
          "end": {
            "line": 87,
            "column": 17
          }
        },
        "loc": {
          "start": {
            "line": 87,
            "column": 22
          },
          "end": {
            "line": 87,
            "column": 51
          }
        },
        "line": 87
      }
    },
    "branchMap": {
      "0": {
        "loc": {
          "start": {
            "line": 51,
            "column": 6
          },
          "end": {
            "line": 55,
            "column": 7
          }
        },
        "type": "if",
        "locations": [
          {
            "start": {
              "line": 51,
              "column": 6
            },
            "end": {
              "line": 55,
              "column": 7
            }
          },
          {
            "start": {
              "line": 51,
              "column": 6
            },
            "end": {
              "line": 55,
              "column": 7
            }
          }
        ],
        "line": 51
      },
      "1": {
        "loc": {
          "start": {
            "line": 51,
            "column": 10
          },
          "end": {
            "line": 51,
            "column": 75
          }
        },
        "type": "binary-expr",
        "locations": [
          {
            "start": {
              "line": 51,
              "column": 10
            },
            "end": {
              "line": 51,
              "column": 13
            }
          },
          {
            "start": {
              "line": 51,
              "column": 17
            },
            "end": {
              "line": 51,
              "column": 25
            }
          },
          {
            "start": {
              "line": 51,
              "column": 29
            },
            "end": {
              "line": 51,
              "column": 47
            }
          },
          {
            "start": {
              "line": 51,
              "column": 51
            },
            "end": {
              "line": 51,
              "column": 75
            }
          }
        ],
        "line": 51
      },
      "2": {
        "loc": {
          "start": {
            "line": 63,
            "column": 6
          },
          "end": {
            "line": 67,
            "column": 7
          }
        },
        "type": "if",
        "locations": [
          {
            "start": {
              "line": 63,
              "column": 6
            },
            "end": {
              "line": 67,
              "column": 7
            }
          },
          {
            "start": {
              "line": 63,
              "column": 6
            },
            "end": {
              "line": 67,
              "column": 7
            }
          }
        ],
        "line": 63
      },
      "3": {
        "loc": {
          "start": {
            "line": 63,
            "column": 10
          },
          "end": {
            "line": 63,
            "column": 77
          }
        },
        "type": "binary-expr",
        "locations": [
          {
            "start": {
              "line": 63,
              "column": 10
            },
            "end": {
              "line": 63,
              "column": 13
            }
          },
          {
            "start": {
              "line": 63,
              "column": 17
            },
            "end": {
              "line": 63,
              "column": 25
            }
          },
          {
            "start": {
              "line": 63,
              "column": 29
            },
            "end": {
              "line": 63,
              "column": 48
            }
          },
          {
            "start": {
              "line": 63,
              "column": 52
            },
            "end": {
              "line": 63,
              "column": 77
            }
          }
        ],
        "line": 63
      },
      "4": {
        "loc": {
          "start": {
            "line": 78,
            "column": 2
          },
          "end": {
            "line": 80,
            "column": 3
          }
        },
        "type": "if",
        "locations": [
          {
            "start": {
              "line": 78,
              "column": 2
            },
            "end": {
              "line": 80,
              "column": 3
            }
          },
          {
            "start": {
              "line": 78,
              "column": 2
            },
            "end": {
              "line": 80,
              "column": 3
            }
          }
        ],
        "line": 78
      }
    },
    "s": {
      "0": 13,
      "1": 13,
      "2": 13,
      "3": 13,
      "4": 13,
      "5": 91,
      "6": 78,
      "7": 78,
      "8": 78,
      "9": 0,
      "10": 0,
      "11": 0,
      "12": 0,
      "13": 0,
      "14": 0,
      "15": 78,
      "16": 0,
      "17": 0,
      "18": 0,
      "19": 0,
      "20": 0,
      "21": 0,
      "22": 78,
      "23": 78,
      "24": 0,
      "25": 0,
      "26": 0,
      "27": 78,
      "28": 52,
      "29": 26,
      "30": 13,
      "31": 78
    },
    "f": {
      "0": 91,
      "1": 0,
      "2": 0,
      "3": 0,
      "4": 0,
      "5": 0,
      "6": 78
    },
    "b": {
      "0": [
        0,
        0
      ],
      "1": [
        0,
        0,
        0,
        0
      ],
      "2": [
        0,
        0
      ],
      "3": [
        0,
        0,
        0,
        0
      ],
      "4": [
        52,
        26
      ]
    },
    "_coverageSchema": "1a1c01bbd47fc00a2c39e90264f33305004495a9",
    "hash": "bd0608c263478c8dca41608347a2b9d2cc54ca33"
  },
  "/home/duncan/projects/bugtracker/packages/frontend/src/context/UserContext.js": {
    "path": "/home/duncan/projects/bugtracker/packages/frontend/src/context/UserContext.js",
    "statementMap": {
      "0": {
        "start": {
          "line": 4,
          "column": 20
        },
        "end": {
          "line": 4,
          "column": 41
        }
      },
      "1": {
        "start": {
          "line": 6,
          "column": 21
        },
        "end": {
          "line": 13,
          "column": 1
        }
      },
      "2": {
        "start": {
          "line": 7,
          "column": 19
        },
        "end": {
          "line": 7,
          "column": 28
        }
      },
      "3": {
        "start": {
          "line": 9,
          "column": 2
        },
        "end": {
          "line": 12,
          "column": 4
        }
      },
      "4": {
        "start": {
          "line": 15,
          "column": 16
        },
        "end": {
          "line": 15,
          "column": 51
        }
      },
      "5": {
        "start": {
          "line": 15,
          "column": 22
        },
        "end": {
          "line": 15,
          "column": 51
        }
      }
    },
    "fnMap": {
      "0": {
        "name": "(anonymous_0)",
        "decl": {
          "start": {
            "line": 6,
            "column": 21
          },
          "end": {
            "line": 6,
            "column": 22
          }
        },
        "loc": {
          "start": {
            "line": 6,
            "column": 32
          },
          "end": {
            "line": 13,
            "column": 1
          }
        },
        "line": 6
      },
      "1": {
        "name": "(anonymous_1)",
        "decl": {
          "start": {
            "line": 15,
            "column": 16
          },
          "end": {
            "line": 15,
            "column": 17
          }
        },
        "loc": {
          "start": {
            "line": 15,
            "column": 22
          },
          "end": {
            "line": 15,
            "column": 51
          }
        },
        "line": 15
      }
    },
    "branchMap": {
      "0": {
        "loc": {
          "start": {
            "line": 11,
            "column": 33
          },
          "end": {
            "line": 11,
            "column": 61
          }
        },
        "type": "cond-expr",
        "locations": [
          {
            "start": {
              "line": 11,
              "column": 40
            },
            "end": {
              "line": 11,
              "column": 54
            }
          },
          {
            "start": {
              "line": 11,
              "column": 57
            },
            "end": {
              "line": 11,
              "column": 61
            }
          }
        ],
        "line": 11
      }
    },
    "s": {
      "0": 13,
      "1": 13,
      "2": 39,
      "3": 26,
      "4": 13,
      "5": 233
    },
    "f": {
      "0": 39,
      "1": 233
    },
    "b": {
      "0": [
        26,
        0
      ]
    },
    "_coverageSchema": "1a1c01bbd47fc00a2c39e90264f33305004495a9",
    "hash": "60e6893c7bfb194cfa4d72c48e35a509e13775bc"
  },
  "/home/duncan/projects/bugtracker/packages/frontend/src/ui/components/StyledTable.js": {
    "path": "/home/duncan/projects/bugtracker/packages/frontend/src/ui/components/StyledTable.js",
    "statementMap": {
      "0": {
        "start": {
          "line": 4,
          "column": 27
        },
        "end": {
          "line": 8,
          "column": 1
        }
      },
      "1": {
        "start": {
          "line": 10,
          "column": 33
        },
        "end": {
          "line": 15,
          "column": 1
        }
      },
      "2": {
        "start": {
          "line": 13,
          "column": 40
        },
        "end": {
          "line": 13,
          "column": 63
        }
      },
      "3": {
        "start": {
          "line": 17,
          "column": 30
        },
        "end": {
          "line": 21,
          "column": 1
        }
      },
      "4": {
        "start": {
          "line": 19,
          "column": 29
        },
        "end": {
          "line": 19,
          "column": 53
        }
      },
      "5": {
        "start": {
          "line": 23,
          "column": 31
        },
        "end": {
          "line": 25,
          "column": 1
        }
      },
      "6": {
        "start": {
          "line": 27,
          "column": 31
        },
        "end": {
          "line": 34,
          "column": 1
        }
      },
      "7": {
        "start": {
          "line": 28,
          "column": 22
        },
        "end": {
          "line": 28,
          "column": 45
        }
      },
      "8": {
        "start": {
          "line": 31,
          "column": 24
        },
        "end": {
          "line": 31,
          "column": 47
        }
      }
    },
    "fnMap": {
      "0": {
        "name": "(anonymous_0)",
        "decl": {
          "start": {
            "line": 13,
            "column": 29
          },
          "end": {
            "line": 13,
            "column": 30
          }
        },
        "loc": {
          "start": {
            "line": 13,
            "column": 40
          },
          "end": {
            "line": 13,
            "column": 63
          }
        },
        "line": 13
      },
      "1": {
        "name": "(anonymous_1)",
        "decl": {
          "start": {
            "line": 19,
            "column": 18
          },
          "end": {
            "line": 19,
            "column": 19
          }
        },
        "loc": {
          "start": {
            "line": 19,
            "column": 29
          },
          "end": {
            "line": 19,
            "column": 53
          }
        },
        "line": 19
      },
      "2": {
        "name": "(anonymous_2)",
        "decl": {
          "start": {
            "line": 28,
            "column": 11
          },
          "end": {
            "line": 28,
            "column": 12
          }
        },
        "loc": {
          "start": {
            "line": 28,
            "column": 22
          },
          "end": {
            "line": 28,
            "column": 45
          }
        },
        "line": 28
      },
      "3": {
        "name": "(anonymous_3)",
        "decl": {
          "start": {
            "line": 31,
            "column": 13
          },
          "end": {
            "line": 31,
            "column": 14
          }
        },
        "loc": {
          "start": {
            "line": 31,
            "column": 24
          },
          "end": {
            "line": 31,
            "column": 47
          }
        },
        "line": 31
      }
    },
    "branchMap": {},
    "s": {
      "0": 13,
      "1": 13,
      "2": 30,
      "3": 13,
      "4": 10,
      "5": 13,
      "6": 13,
      "7": 20,
      "8": 20
    },
    "f": {
      "0": 30,
      "1": 10,
      "2": 20,
      "3": 20
    },
    "b": {},
    "_coverageSchema": "1a1c01bbd47fc00a2c39e90264f33305004495a9",
    "hash": "76233d0ebd32598f19c0795085174c5e09b09469"
  },
  "/home/duncan/projects/bugtracker/packages/frontend/src/components/table/SortIcon.js": {
    "path": "/home/duncan/projects/bugtracker/packages/frontend/src/components/table/SortIcon.js",
    "statementMap": {
      "0": {
        "start": {
          "line": 6,
          "column": 17
        },
        "end": {
          "line": 14,
          "column": 1
        }
      },
      "1": {
        "start": {
          "line": 7,
          "column": 2
        },
        "end": {
          "line": 9,
          "column": 3
        }
      },
      "2": {
        "start": {
          "line": 8,
          "column": 4
        },
        "end": {
          "line": 8,
          "column": 29
        }
      },
      "3": {
        "start": {
          "line": 10,
          "column": 2
        },
        "end": {
          "line": 12,
          "column": 3
        }
      },
      "4": {
        "start": {
          "line": 11,
          "column": 4
        },
        "end": {
          "line": 11,
          "column": 30
        }
      },
      "5": {
        "start": {
          "line": 13,
          "column": 2
        },
        "end": {
          "line": 13,
          "column": 27
        }
      },
      "6": {
        "start": {
          "line": 18,
          "column": 22
        },
        "end": {
          "line": 21,
          "column": 1
        }
      },
      "7": {
        "start": {
          "line": 23,
          "column": 23
        },
        "end": {
          "line": 26,
          "column": 1
        }
      }
    },
    "fnMap": {
      "0": {
        "name": "(anonymous_0)",
        "decl": {
          "start": {
            "line": 6,
            "column": 17
          },
          "end": {
            "line": 6,
            "column": 18
          }
        },
        "loc": {
          "start": {
            "line": 6,
            "column": 36
          },
          "end": {
            "line": 14,
            "column": 1
          }
        },
        "line": 6
      }
    },
    "branchMap": {
      "0": {
        "loc": {
          "start": {
            "line": 7,
            "column": 2
          },
          "end": {
            "line": 9,
            "column": 3
          }
        },
        "type": "if",
        "locations": [
          {
            "start": {
              "line": 7,
              "column": 2
            },
            "end": {
              "line": 9,
              "column": 3
            }
          },
          {
            "start": {
              "line": 7,
              "column": 2
            },
            "end": {
              "line": 9,
              "column": 3
            }
          }
        ],
        "line": 7
      },
      "1": {
        "loc": {
          "start": {
            "line": 10,
            "column": 2
          },
          "end": {
            "line": 12,
            "column": 3
          }
        },
        "type": "if",
        "locations": [
          {
            "start": {
              "line": 10,
              "column": 2
            },
            "end": {
              "line": 12,
              "column": 3
            }
          },
          {
            "start": {
              "line": 10,
              "column": 2
            },
            "end": {
              "line": 12,
              "column": 3
            }
          }
        ],
        "line": 10
      }
    },
    "s": {
      "0": 13,
      "1": 30,
      "2": 0,
      "3": 30,
      "4": 0,
      "5": 30,
      "6": 13,
      "7": 13
    },
    "f": {
      "0": 30
    },
    "b": {
      "0": [
        0,
        30
      ],
      "1": [
        0,
        30
      ]
    },
    "_coverageSchema": "1a1c01bbd47fc00a2c39e90264f33305004495a9",
    "hash": "e711a229fb876aa593e8b5eaa5d80c6850ef6631"
  },
  "/home/duncan/projects/bugtracker/packages/frontend/src/ui/components/SortButton.js": {
    "path": "/home/duncan/projects/bugtracker/packages/frontend/src/ui/components/SortButton.js",
    "statementMap": {
      "0": {
        "start": {
          "line": 3,
          "column": 26
        },
        "end": {
          "line": 6,
          "column": 1
        }
      }
    },
    "fnMap": {},
    "branchMap": {},
    "s": {
      "0": 13
    },
    "f": {},
    "b": {},
    "_coverageSchema": "1a1c01bbd47fc00a2c39e90264f33305004495a9",
    "hash": "20d99f19f027777d14dd3cd5bb23dc7632779bca"
  },
  "/home/duncan/projects/bugtracker/packages/frontend/src/hooks/useSortTable.js": {
    "path": "/home/duncan/projects/bugtracker/packages/frontend/src/hooks/useSortTable.js",
    "statementMap": {
      "0": {
        "start": {
          "line": 3,
          "column": 21
        },
        "end": {
          "line": 34,
          "column": 1
        }
      },
      "1": {
        "start": {
          "line": 4,
          "column": 38
        },
        "end": {
          "line": 4,
          "column": 54
        }
      },
      "2": {
        "start": {
          "line": 6,
          "column": 22
        },
        "end": {
          "line": 20,
          "column": 25
        }
      },
      "3": {
        "start": {
          "line": 7,
          "column": 26
        },
        "end": {
          "line": 7,
          "column": 36
        }
      },
      "4": {
        "start": {
          "line": 8,
          "column": 4
        },
        "end": {
          "line": 18,
          "column": 5
        }
      },
      "5": {
        "start": {
          "line": 9,
          "column": 6
        },
        "end": {
          "line": 17,
          "column": 9
        }
      },
      "6": {
        "start": {
          "line": 10,
          "column": 8
        },
        "end": {
          "line": 12,
          "column": 9
        }
      },
      "7": {
        "start": {
          "line": 11,
          "column": 10
        },
        "end": {
          "line": 11,
          "column": 63
        }
      },
      "8": {
        "start": {
          "line": 13,
          "column": 8
        },
        "end": {
          "line": 15,
          "column": 9
        }
      },
      "9": {
        "start": {
          "line": 14,
          "column": 10
        },
        "end": {
          "line": 14,
          "column": 63
        }
      },
      "10": {
        "start": {
          "line": 16,
          "column": 8
        },
        "end": {
          "line": 16,
          "column": 17
        }
      },
      "11": {
        "start": {
          "line": 19,
          "column": 4
        },
        "end": {
          "line": 19,
          "column": 25
        }
      },
      "12": {
        "start": {
          "line": 22,
          "column": 22
        },
        "end": {
          "line": 32,
          "column": 3
        }
      },
      "13": {
        "start": {
          "line": 23,
          "column": 20
        },
        "end": {
          "line": 23,
          "column": 32
        }
      },
      "14": {
        "start": {
          "line": 24,
          "column": 4
        },
        "end": {
          "line": 30,
          "column": 5
        }
      },
      "15": {
        "start": {
          "line": 29,
          "column": 6
        },
        "end": {
          "line": 29,
          "column": 30
        }
      },
      "16": {
        "start": {
          "line": 31,
          "column": 4
        },
        "end": {
          "line": 31,
          "column": 38
        }
      },
      "17": {
        "start": {
          "line": 33,
          "column": 2
        },
        "end": {
          "line": 33,
          "column": 57
        }
      }
    },
    "fnMap": {
      "0": {
        "name": "(anonymous_0)",
        "decl": {
          "start": {
            "line": 3,
            "column": 21
          },
          "end": {
            "line": 3,
            "column": 22
          }
        },
        "loc": {
          "start": {
            "line": 3,
            "column": 47
          },
          "end": {
            "line": 34,
            "column": 1
          }
        },
        "line": 3
      },
      "1": {
        "name": "(anonymous_1)",
        "decl": {
          "start": {
            "line": 6,
            "column": 30
          },
          "end": {
            "line": 6,
            "column": 31
          }
        },
        "loc": {
          "start": {
            "line": 6,
            "column": 36
          },
          "end": {
            "line": 20,
            "column": 3
          }
        },
        "line": 6
      },
      "2": {
        "name": "(anonymous_2)",
        "decl": {
          "start": {
            "line": 9,
            "column": 25
          },
          "end": {
            "line": 9,
            "column": 26
          }
        },
        "loc": {
          "start": {
            "line": 9,
            "column": 35
          },
          "end": {
            "line": 17,
            "column": 7
          }
        },
        "line": 9
      },
      "3": {
        "name": "(anonymous_3)",
        "decl": {
          "start": {
            "line": 22,
            "column": 22
          },
          "end": {
            "line": 22,
            "column": 23
          }
        },
        "loc": {
          "start": {
            "line": 22,
            "column": 31
          },
          "end": {
            "line": 32,
            "column": 3
          }
        },
        "line": 22
      }
    },
    "branchMap": {
      "0": {
        "loc": {
          "start": {
            "line": 3,
            "column": 29
          },
          "end": {
            "line": 3,
            "column": 42
          }
        },
        "type": "default-arg",
        "locations": [
          {
            "start": {
              "line": 3,
              "column": 38
            },
            "end": {
              "line": 3,
              "column": 42
            }
          }
        ],
        "line": 3
      },
      "1": {
        "loc": {
          "start": {
            "line": 8,
            "column": 4
          },
          "end": {
            "line": 18,
            "column": 5
          }
        },
        "type": "if",
        "locations": [
          {
            "start": {
              "line": 8,
              "column": 4
            },
            "end": {
              "line": 18,
              "column": 5
            }
          },
          {
            "start": {
              "line": 8,
              "column": 4
            },
            "end": {
              "line": 18,
              "column": 5
            }
          }
        ],
        "line": 8
      },
      "2": {
        "loc": {
          "start": {
            "line": 10,
            "column": 8
          },
          "end": {
            "line": 12,
            "column": 9
          }
        },
        "type": "if",
        "locations": [
          {
            "start": {
              "line": 10,
              "column": 8
            },
            "end": {
              "line": 12,
              "column": 9
            }
          },
          {
            "start": {
              "line": 10,
              "column": 8
            },
            "end": {
              "line": 12,
              "column": 9
            }
          }
        ],
        "line": 10
      },
      "3": {
        "loc": {
          "start": {
            "line": 11,
            "column": 17
          },
          "end": {
            "line": 11,
            "column": 62
          }
        },
        "type": "cond-expr",
        "locations": [
          {
            "start": {
              "line": 11,
              "column": 56
            },
            "end": {
              "line": 11,
              "column": 58
            }
          },
          {
            "start": {
              "line": 11,
              "column": 61
            },
            "end": {
              "line": 11,
              "column": 62
            }
          }
        ],
        "line": 11
      },
      "4": {
        "loc": {
          "start": {
            "line": 13,
            "column": 8
          },
          "end": {
            "line": 15,
            "column": 9
          }
        },
        "type": "if",
        "locations": [
          {
            "start": {
              "line": 13,
              "column": 8
            },
            "end": {
              "line": 15,
              "column": 9
            }
          },
          {
            "start": {
              "line": 13,
              "column": 8
            },
            "end": {
              "line": 15,
              "column": 9
            }
          }
        ],
        "line": 13
      },
      "5": {
        "loc": {
          "start": {
            "line": 14,
            "column": 17
          },
          "end": {
            "line": 14,
            "column": 62
          }
        },
        "type": "cond-expr",
        "locations": [
          {
            "start": {
              "line": 14,
              "column": 56
            },
            "end": {
              "line": 14,
              "column": 57
            }
          },
          {
            "start": {
              "line": 14,
              "column": 60
            },
            "end": {
              "line": 14,
              "column": 62
            }
          }
        ],
        "line": 14
      },
      "6": {
        "loc": {
          "start": {
            "line": 24,
            "column": 4
          },
          "end": {
            "line": 30,
            "column": 5
          }
        },
        "type": "if",
        "locations": [
          {
            "start": {
              "line": 24,
              "column": 4
            },
            "end": {
              "line": 30,
              "column": 5
            }
          },
          {
            "start": {
              "line": 24,
              "column": 4
            },
            "end": {
              "line": 30,
              "column": 5
            }
          }
        ],
        "line": 24
      },
      "7": {
        "loc": {
          "start": {
            "line": 25,
            "column": 6
          },
          "end": {
            "line": 27,
            "column": 43
          }
        },
        "type": "binary-expr",
        "locations": [
          {
            "start": {
              "line": 25,
              "column": 6
            },
            "end": {
              "line": 25,
              "column": 16
            }
          },
          {
            "start": {
              "line": 26,
              "column": 6
            },
            "end": {
              "line": 26,
              "column": 28
            }
          },
          {
            "start": {
              "line": 27,
              "column": 6
            },
            "end": {
              "line": 27,
              "column": 43
            }
          }
        ],
        "line": 25
      }
    },
    "s": {
      "0": 13,
      "1": 10,
      "2": 10,
      "3": 10,
      "4": 10,
      "5": 0,
      "6": 0,
      "7": 0,
      "8": 0,
      "9": 0,
      "10": 0,
      "11": 10,
      "12": 10,
      "13": 0,
      "14": 0,
      "15": 0,
      "16": 0,
      "17": 10
    },
    "f": {
      "0": 10,
      "1": 10,
      "2": 0,
      "3": 0
    },
    "b": {
      "0": [
        10
      ],
      "1": [
        0,
        10
      ],
      "2": [
        0,
        0
      ],
      "3": [
        0,
        0
      ],
      "4": [
        0,
        0
      ],
      "5": [
        0,
        0
      ],
      "6": [
        0,
        0
      ],
      "7": [
        0,
        0,
        0
      ]
    },
    "_coverageSchema": "1a1c01bbd47fc00a2c39e90264f33305004495a9",
    "hash": "51105efa1b8bc038c27b38d78a32907b93eed69a"
  },
  "/home/duncan/projects/bugtracker/packages/frontend/src/components/table/BugsTableList.js": {
    "path": "/home/duncan/projects/bugtracker/packages/frontend/src/components/table/BugsTableList.js",
    "statementMap": {
      "0": {
        "start": {
          "line": 14,
          "column": 22
        },
        "end": {
          "line": 132,
          "column": 1
        }
      },
      "1": {
        "start": {
          "line": 15,
          "column": 45
        },
        "end": {
          "line": 15,
          "column": 63
        }
      },
      "2": {
        "start": {
          "line": 17,
          "column": 23
        },
        "end": {
          "line": 23,
          "column": 3
        }
      },
      "3": {
        "start": {
          "line": 18,
          "column": 4
        },
        "end": {
          "line": 20,
          "column": 5
        }
      },
      "4": {
        "start": {
          "line": 19,
          "column": 6
        },
        "end": {
          "line": 19,
          "column": 13
        }
      },
      "5": {
        "start": {
          "line": 22,
          "column": 4
        },
        "end": {
          "line": 22,
          "column": 70
        }
      },
      "6": {
        "start": {
          "line": 24,
          "column": 2
        },
        "end": {
          "line": 131,
          "column": 4
        }
      },
      "7": {
        "start": {
          "line": 35,
          "column": 31
        },
        "end": {
          "line": 35,
          "column": 49
        }
      },
      "8": {
        "start": {
          "line": 45,
          "column": 31
        },
        "end": {
          "line": 45,
          "column": 53
        }
      },
      "9": {
        "start": {
          "line": 55,
          "column": 31
        },
        "end": {
          "line": 55,
          "column": 53
        }
      },
      "10": {
        "start": {
          "line": 65,
          "column": 31
        },
        "end": {
          "line": 65,
          "column": 50
        }
      },
      "11": {
        "start": {
          "line": 75,
          "column": 31
        },
        "end": {
          "line": 75,
          "column": 53
        }
      },
      "12": {
        "start": {
          "line": 85,
          "column": 31
        },
        "end": {
          "line": 85,
          "column": 54
        }
      },
      "13": {
        "start": {
          "line": 94,
          "column": 26
        },
        "end": {
          "line": 94,
          "column": 61
        }
      },
      "14": {
        "start": {
          "line": 95,
          "column": 12
        },
        "end": {
          "line": 126,
          "column": 14
        }
      }
    },
    "fnMap": {
      "0": {
        "name": "(anonymous_0)",
        "decl": {
          "start": {
            "line": 14,
            "column": 22
          },
          "end": {
            "line": 14,
            "column": 23
          }
        },
        "loc": {
          "start": {
            "line": 14,
            "column": 43
          },
          "end": {
            "line": 132,
            "column": 1
          }
        },
        "line": 14
      },
      "1": {
        "name": "(anonymous_1)",
        "decl": {
          "start": {
            "line": 17,
            "column": 23
          },
          "end": {
            "line": 17,
            "column": 24
          }
        },
        "loc": {
          "start": {
            "line": 17,
            "column": 33
          },
          "end": {
            "line": 23,
            "column": 3
          }
        },
        "line": 17
      },
      "2": {
        "name": "(anonymous_2)",
        "decl": {
          "start": {
            "line": 35,
            "column": 25
          },
          "end": {
            "line": 35,
            "column": 26
          }
        },
        "loc": {
          "start": {
            "line": 35,
            "column": 31
          },
          "end": {
            "line": 35,
            "column": 49
          }
        },
        "line": 35
      },
      "3": {
        "name": "(anonymous_3)",
        "decl": {
          "start": {
            "line": 45,
            "column": 25
          },
          "end": {
            "line": 45,
            "column": 26
          }
        },
        "loc": {
          "start": {
            "line": 45,
            "column": 31
          },
          "end": {
            "line": 45,
            "column": 53
          }
        },
        "line": 45
      },
      "4": {
        "name": "(anonymous_4)",
        "decl": {
          "start": {
            "line": 55,
            "column": 25
          },
          "end": {
            "line": 55,
            "column": 26
          }
        },
        "loc": {
          "start": {
            "line": 55,
            "column": 31
          },
          "end": {
            "line": 55,
            "column": 53
          }
        },
        "line": 55
      },
      "5": {
        "name": "(anonymous_5)",
        "decl": {
          "start": {
            "line": 65,
            "column": 25
          },
          "end": {
            "line": 65,
            "column": 26
          }
        },
        "loc": {
          "start": {
            "line": 65,
            "column": 31
          },
          "end": {
            "line": 65,
            "column": 50
          }
        },
        "line": 65
      },
      "6": {
        "name": "(anonymous_6)",
        "decl": {
          "start": {
            "line": 75,
            "column": 25
          },
          "end": {
            "line": 75,
            "column": 26
          }
        },
        "loc": {
          "start": {
            "line": 75,
            "column": 31
          },
          "end": {
            "line": 75,
            "column": 53
          }
        },
        "line": 75
      },
      "7": {
        "name": "(anonymous_7)",
        "decl": {
          "start": {
            "line": 85,
            "column": 25
          },
          "end": {
            "line": 85,
            "column": 26
          }
        },
        "loc": {
          "start": {
            "line": 85,
            "column": 31
          },
          "end": {
            "line": 85,
            "column": 54
          }
        },
        "line": 85
      },
      "8": {
        "name": "(anonymous_8)",
        "decl": {
          "start": {
            "line": 93,
            "column": 21
          },
          "end": {
            "line": 93,
            "column": 22
          }
        },
        "loc": {
          "start": {
            "line": 93,
            "column": 30
          },
          "end": {
            "line": 127,
            "column": 11
          }
        },
        "line": 93
      }
    },
    "branchMap": {
      "0": {
        "loc": {
          "start": {
            "line": 18,
            "column": 4
          },
          "end": {
            "line": 20,
            "column": 5
          }
        },
        "type": "if",
        "locations": [
          {
            "start": {
              "line": 18,
              "column": 4
            },
            "end": {
              "line": 20,
              "column": 5
            }
          },
          {
            "start": {
              "line": 18,
              "column": 4
            },
            "end": {
              "line": 20,
              "column": 5
            }
          }
        ],
        "line": 18
      },
      "1": {
        "loc": {
          "start": {
            "line": 22,
            "column": 11
          },
          "end": {
            "line": 22,
            "column": 69
          }
        },
        "type": "cond-expr",
        "locations": [
          {
            "start": {
              "line": 22,
              "column": 37
            },
            "end": {
              "line": 22,
              "column": 57
            }
          },
          {
            "start": {
              "line": 22,
              "column": 60
            },
            "end": {
              "line": 22,
              "column": 69
            }
          }
        ],
        "line": 22
      }
    },
    "s": {
      "0": 13,
      "1": 0,
      "2": 0,
      "3": 0,
      "4": 0,
      "5": 0,
      "6": 0,
      "7": 0,
      "8": 0,
      "9": 0,
      "10": 0,
      "11": 0,
      "12": 0,
      "13": 0,
      "14": 0
    },
    "f": {
      "0": 0,
      "1": 0,
      "2": 0,
      "3": 0,
      "4": 0,
      "5": 0,
      "6": 0,
      "7": 0,
      "8": 0
    },
    "b": {
      "0": [
        0,
        0
      ],
      "1": [
        0,
        0
      ]
    },
    "_coverageSchema": "1a1c01bbd47fc00a2c39e90264f33305004495a9",
    "hash": "dee997c61958ba0a9db11ed3722f9e1558a1817e"
  },
  "/home/duncan/projects/bugtracker/packages/frontend/src/ui/components/StyledDashboardCard.js": {
    "path": "/home/duncan/projects/bugtracker/packages/frontend/src/ui/components/StyledDashboardCard.js",
    "statementMap": {
      "0": {
        "start": {
          "line": 3,
          "column": 26
        },
        "end": {
          "line": 7,
          "column": 1
        }
      },
      "1": {
        "start": {
          "line": 9,
          "column": 27
        },
        "end": {
          "line": 24,
          "column": 1
        }
      },
      "2": {
        "start": {
          "line": 15,
          "column": 37
        },
        "end": {
          "line": 15,
          "column": 63
        }
      },
      "3": {
        "start": {
          "line": 20,
          "column": 23
        },
        "end": {
          "line": 20,
          "column": 43
        }
      },
      "4": {
        "start": {
          "line": 26,
          "column": 25
        },
        "end": {
          "line": 28,
          "column": 1
        }
      }
    },
    "fnMap": {
      "0": {
        "name": "(anonymous_0)",
        "decl": {
          "start": {
            "line": 15,
            "column": 26
          },
          "end": {
            "line": 15,
            "column": 27
          }
        },
        "loc": {
          "start": {
            "line": 15,
            "column": 37
          },
          "end": {
            "line": 15,
            "column": 63
          }
        },
        "line": 15
      },
      "1": {
        "name": "(anonymous_1)",
        "decl": {
          "start": {
            "line": 20,
            "column": 12
          },
          "end": {
            "line": 20,
            "column": 13
          }
        },
        "loc": {
          "start": {
            "line": 20,
            "column": 23
          },
          "end": {
            "line": 20,
            "column": 43
          }
        },
        "line": 20
      }
    },
    "branchMap": {},
    "s": {
      "0": 13,
      "1": 13,
      "2": 58,
      "3": 58,
      "4": 13
    },
    "f": {
      "0": 58,
      "1": 58
    },
    "b": {},
    "_coverageSchema": "1a1c01bbd47fc00a2c39e90264f33305004495a9",
    "hash": "6a75ac372a61fce54b5543aa142ef04d076c57ab"
  },
  "/home/duncan/projects/bugtracker/packages/frontend/src/ui/typography.js": {
    "path": "/home/duncan/projects/bugtracker/packages/frontend/src/ui/typography.js",
    "statementMap": {
      "0": {
        "start": {
          "line": 5,
          "column": 26
        },
        "end": {
          "line": 12,
          "column": 1
        }
      },
      "1": {
        "start": {
          "line": 6,
          "column": 22
        },
        "end": {
          "line": 6,
          "column": 45
        }
      },
      "2": {
        "start": {
          "line": 9,
          "column": 24
        },
        "end": {
          "line": 9,
          "column": 47
        }
      }
    },
    "fnMap": {
      "0": {
        "name": "(anonymous_0)",
        "decl": {
          "start": {
            "line": 6,
            "column": 11
          },
          "end": {
            "line": 6,
            "column": 12
          }
        },
        "loc": {
          "start": {
            "line": 6,
            "column": 22
          },
          "end": {
            "line": 6,
            "column": 45
          }
        },
        "line": 6
      },
      "1": {
        "name": "(anonymous_1)",
        "decl": {
          "start": {
            "line": 9,
            "column": 13
          },
          "end": {
            "line": 9,
            "column": 14
          }
        },
        "loc": {
          "start": {
            "line": 9,
            "column": 24
          },
          "end": {
            "line": 9,
            "column": 47
          }
        },
        "line": 9
      }
    },
    "branchMap": {},
    "s": {
      "0": 13,
      "1": 24,
      "2": 24
    },
    "f": {
      "0": 24,
      "1": 24
    },
    "b": {},
    "_coverageSchema": "1a1c01bbd47fc00a2c39e90264f33305004495a9",
    "hash": "82fcfda6b5f29882924136a5238d4e32b5fe4302"
  },
  "/home/duncan/projects/bugtracker/packages/frontend/src/components/dashboard/DashboardMyBugsCard.js": {
    "path": "/home/duncan/projects/bugtracker/packages/frontend/src/components/dashboard/DashboardMyBugsCard.js",
    "statementMap": {
      "0": {
        "start": {
          "line": 16,
          "column": 23
        },
        "end": {
          "line": 45,
          "column": 1
        }
      },
      "1": {
        "start": {
          "line": 48,
          "column": 28
        },
        "end": {
          "line": 107,
          "column": 1
        }
      },
      "2": {
        "start": {
          "line": 49,
          "column": 15
        },
        "end": {
          "line": 49,
          "column": 24
        }
      },
      "3": {
        "start": {
          "line": 51,
          "column": 52
        },
        "end": {
          "line": 55,
          "column": 4
        }
      },
      "4": {
        "start": {
          "line": 56,
          "column": 2
        },
        "end": {
          "line": 72,
          "column": 3
        }
      },
      "5": {
        "start": {
          "line": 57,
          "column": 4
        },
        "end": {
          "line": 71,
          "column": 6
        }
      },
      "6": {
        "start": {
          "line": 64,
          "column": 27
        },
        "end": {
          "line": 64,
          "column": 36
        }
      },
      "7": {
        "start": {
          "line": 73,
          "column": 2
        },
        "end": {
          "line": 106,
          "column": 3
        }
      },
      "8": {
        "start": {
          "line": 74,
          "column": 4
        },
        "end": {
          "line": 105,
          "column": 6
        }
      },
      "9": {
        "start": {
          "line": 81,
          "column": 27
        },
        "end": {
          "line": 81,
          "column": 36
        }
      },
      "10": {
        "start": {
          "line": 111,
          "column": 25
        },
        "end": {
          "line": 118,
          "column": 1
        }
      },
      "11": {
        "start": {
          "line": 120,
          "column": 21
        },
        "end": {
          "line": 130,
          "column": 1
        }
      }
    },
    "fnMap": {
      "0": {
        "name": "(anonymous_0)",
        "decl": {
          "start": {
            "line": 48,
            "column": 28
          },
          "end": {
            "line": 48,
            "column": 29
          }
        },
        "loc": {
          "start": {
            "line": 48,
            "column": 34
          },
          "end": {
            "line": 107,
            "column": 1
          }
        },
        "line": 48
      },
      "1": {
        "name": "(anonymous_1)",
        "decl": {
          "start": {
            "line": 64,
            "column": 21
          },
          "end": {
            "line": 64,
            "column": 22
          }
        },
        "loc": {
          "start": {
            "line": 64,
            "column": 27
          },
          "end": {
            "line": 64,
            "column": 36
          }
        },
        "line": 64
      },
      "2": {
        "name": "(anonymous_2)",
        "decl": {
          "start": {
            "line": 81,
            "column": 21
          },
          "end": {
            "line": 81,
            "column": 22
          }
        },
        "loc": {
          "start": {
            "line": 81,
            "column": 27
          },
          "end": {
            "line": 81,
            "column": 36
          }
        },
        "line": 81
      }
    },
    "branchMap": {
      "0": {
        "loc": {
          "start": {
            "line": 56,
            "column": 2
          },
          "end": {
            "line": 72,
            "column": 3
          }
        },
        "type": "if",
        "locations": [
          {
            "start": {
              "line": 56,
              "column": 2
            },
            "end": {
              "line": 72,
              "column": 3
            }
          },
          {
            "start": {
              "line": 56,
              "column": 2
            },
            "end": {
              "line": 72,
              "column": 3
            }
          }
        ],
        "line": 56
      },
      "1": {
        "loc": {
          "start": {
            "line": 56,
            "column": 6
          },
          "end": {
            "line": 56,
            "column": 36
          }
        },
        "type": "binary-expr",
        "locations": [
          {
            "start": {
              "line": 56,
              "column": 6
            },
            "end": {
              "line": 56,
              "column": 25
            }
          },
          {
            "start": {
              "line": 56,
              "column": 29
            },
            "end": {
              "line": 56,
              "column": 36
            }
          }
        ],
        "line": 56
      },
      "2": {
        "loc": {
          "start": {
            "line": 73,
            "column": 2
          },
          "end": {
            "line": 106,
            "column": 3
          }
        },
        "type": "if",
        "locations": [
          {
            "start": {
              "line": 73,
              "column": 2
            },
            "end": {
              "line": 106,
              "column": 3
            }
          },
          {
            "start": {
              "line": 73,
              "column": 2
            },
            "end": {
              "line": 106,
              "column": 3
            }
          }
        ],
        "line": 73
      },
      "3": {
        "loc": {
          "start": {
            "line": 86,
            "column": 9
          },
          "end": {
            "line": 103,
            "column": 9
          }
        },
        "type": "cond-expr",
        "locations": [
          {
            "start": {
              "line": 88,
              "column": 10
            },
            "end": {
              "line": 97,
              "column": 13
            }
          },
          {
            "start": {
              "line": 99,
              "column": 10
            },
            "end": {
              "line": 102,
              "column": 14
            }
          }
        ],
        "line": 86
      },
      "4": {
        "loc": {
          "start": {
            "line": 86,
            "column": 9
          },
          "end": {
            "line": 87,
            "column": 48
          }
        },
        "type": "binary-expr",
        "locations": [
          {
            "start": {
              "line": 86,
              "column": 9
            },
            "end": {
              "line": 86,
              "column": 50
            }
          },
          {
            "start": {
              "line": 87,
              "column": 8
            },
            "end": {
              "line": 87,
              "column": 48
            }
          }
        ],
        "line": 86
      }
    },
    "s": {
      "0": 13,
      "1": 13,
      "2": 56,
      "3": 54,
      "4": 54,
      "5": 34,
      "6": 0,
      "7": 20,
      "8": 12,
      "9": 0,
      "10": 13,
      "11": 13
    },
    "f": {
      "0": 56,
      "1": 0,
      "2": 0
    },
    "b": {
      "0": [
        34,
        20
      ],
      "1": [
        54,
        54
      ],
      "2": [
        12,
        8
      ],
      "3": [
        0,
        12
      ],
      "4": [
        12,
        12
      ]
    },
    "_coverageSchema": "1a1c01bbd47fc00a2c39e90264f33305004495a9",
    "hash": "315c01c665d4eab48766fc6a3dce1f8c5e8fa725"
  },
  "/home/duncan/projects/bugtracker/packages/frontend/src/components/table/ProjectTableList.js": {
    "path": "/home/duncan/projects/bugtracker/packages/frontend/src/components/table/ProjectTableList.js",
    "statementMap": {
      "0": {
        "start": {
          "line": 13,
          "column": 25
        },
        "end": {
          "line": 91,
          "column": 1
        }
      },
      "1": {
        "start": {
          "line": 14,
          "column": 45
        },
        "end": {
          "line": 14,
          "column": 67
        }
      },
      "2": {
        "start": {
          "line": 16,
          "column": 23
        },
        "end": {
          "line": 22,
          "column": 3
        }
      },
      "3": {
        "start": {
          "line": 17,
          "column": 4
        },
        "end": {
          "line": 19,
          "column": 5
        }
      },
      "4": {
        "start": {
          "line": 18,
          "column": 6
        },
        "end": {
          "line": 18,
          "column": 13
        }
      },
      "5": {
        "start": {
          "line": 21,
          "column": 4
        },
        "end": {
          "line": 21,
          "column": 70
        }
      },
      "6": {
        "start": {
          "line": 24,
          "column": 2
        },
        "end": {
          "line": 90,
          "column": 4
        }
      },
      "7": {
        "start": {
          "line": 33,
          "column": 29
        },
        "end": {
          "line": 33,
          "column": 54
        }
      },
      "8": {
        "start": {
          "line": 43,
          "column": 29
        },
        "end": {
          "line": 43,
          "column": 55
        }
      },
      "9": {
        "start": {
          "line": 56,
          "column": 29
        },
        "end": {
          "line": 56,
          "column": 55
        }
      },
      "10": {
        "start": {
          "line": 68,
          "column": 10
        },
        "end": {
          "line": 86,
          "column": 27
        }
      }
    },
    "fnMap": {
      "0": {
        "name": "(anonymous_0)",
        "decl": {
          "start": {
            "line": 13,
            "column": 25
          },
          "end": {
            "line": 13,
            "column": 26
          }
        },
        "loc": {
          "start": {
            "line": 13,
            "column": 43
          },
          "end": {
            "line": 91,
            "column": 1
          }
        },
        "line": 13
      },
      "1": {
        "name": "(anonymous_1)",
        "decl": {
          "start": {
            "line": 16,
            "column": 23
          },
          "end": {
            "line": 16,
            "column": 24
          }
        },
        "loc": {
          "start": {
            "line": 16,
            "column": 33
          },
          "end": {
            "line": 22,
            "column": 3
          }
        },
        "line": 16
      },
      "2": {
        "name": "(anonymous_2)",
        "decl": {
          "start": {
            "line": 33,
            "column": 23
          },
          "end": {
            "line": 33,
            "column": 24
          }
        },
        "loc": {
          "start": {
            "line": 33,
            "column": 29
          },
          "end": {
            "line": 33,
            "column": 54
          }
        },
        "line": 33
      },
      "3": {
        "name": "(anonymous_3)",
        "decl": {
          "start": {
            "line": 43,
            "column": 23
          },
          "end": {
            "line": 43,
            "column": 24
          }
        },
        "loc": {
          "start": {
            "line": 43,
            "column": 29
          },
          "end": {
            "line": 43,
            "column": 55
          }
        },
        "line": 43
      },
      "4": {
        "name": "(anonymous_4)",
        "decl": {
          "start": {
            "line": 56,
            "column": 23
          },
          "end": {
            "line": 56,
            "column": 24
          }
        },
        "loc": {
          "start": {
            "line": 56,
            "column": 29
          },
          "end": {
            "line": 56,
            "column": 55
          }
        },
        "line": 56
      },
      "5": {
        "name": "(anonymous_5)",
        "decl": {
          "start": {
            "line": 67,
            "column": 19
          },
          "end": {
            "line": 67,
            "column": 20
          }
        },
        "loc": {
          "start": {
            "line": 68,
            "column": 10
          },
          "end": {
            "line": 86,
            "column": 27
          }
        },
        "line": 68
      }
    },
    "branchMap": {
      "0": {
        "loc": {
          "start": {
            "line": 17,
            "column": 4
          },
          "end": {
            "line": 19,
            "column": 5
          }
        },
        "type": "if",
        "locations": [
          {
            "start": {
              "line": 17,
              "column": 4
            },
            "end": {
              "line": 19,
              "column": 5
            }
          },
          {
            "start": {
              "line": 17,
              "column": 4
            },
            "end": {
              "line": 19,
              "column": 5
            }
          }
        ],
        "line": 17
      },
      "1": {
        "loc": {
          "start": {
            "line": 21,
            "column": 11
          },
          "end": {
            "line": 21,
            "column": 69
          }
        },
        "type": "cond-expr",
        "locations": [
          {
            "start": {
              "line": 21,
              "column": 37
            },
            "end": {
              "line": 21,
              "column": 57
            }
          },
          {
            "start": {
              "line": 21,
              "column": 60
            },
            "end": {
              "line": 21,
              "column": 69
            }
          }
        ],
        "line": 21
      }
    },
    "s": {
      "0": 13,
      "1": 10,
      "2": 10,
      "3": 30,
      "4": 30,
      "5": 0,
      "6": 10,
      "7": 0,
      "8": 0,
      "9": 0,
      "10": 10
    },
    "f": {
      "0": 10,
      "1": 30,
      "2": 0,
      "3": 0,
      "4": 0,
      "5": 10
    },
    "b": {
      "0": [
        30,
        0
      ],
      "1": [
        0,
        0
      ]
    },
    "_coverageSchema": "1a1c01bbd47fc00a2c39e90264f33305004495a9",
    "hash": "a3e3f2a47a26113fb036bcf3ff6f414bf447e26e"
  },
  "/home/duncan/projects/bugtracker/packages/frontend/src/components/dashboard/DashboardProjectsCard.js": {
    "path": "/home/duncan/projects/bugtracker/packages/frontend/src/components/dashboard/DashboardProjectsCard.js",
    "statementMap": {
      "0": {
        "start": {
          "line": 15,
          "column": 21
        },
        "end": {
          "line": 27,
          "column": 1
        }
      },
      "1": {
        "start": {
          "line": 30,
          "column": 30
        },
        "end": {
          "line": 87,
          "column": 1
        }
      },
      "2": {
        "start": {
          "line": 31,
          "column": 15
        },
        "end": {
          "line": 31,
          "column": 24
        }
      },
      "3": {
        "start": {
          "line": 32,
          "column": 52
        },
        "end": {
          "line": 35,
          "column": 4
        }
      },
      "4": {
        "start": {
          "line": 37,
          "column": 2
        },
        "end": {
          "line": 53,
          "column": 3
        }
      },
      "5": {
        "start": {
          "line": 38,
          "column": 4
        },
        "end": {
          "line": 52,
          "column": 6
        }
      },
      "6": {
        "start": {
          "line": 45,
          "column": 27
        },
        "end": {
          "line": 45,
          "column": 36
        }
      },
      "7": {
        "start": {
          "line": 55,
          "column": 2
        },
        "end": {
          "line": 86,
          "column": 3
        }
      },
      "8": {
        "start": {
          "line": 56,
          "column": 4
        },
        "end": {
          "line": 85,
          "column": 6
        }
      },
      "9": {
        "start": {
          "line": 66,
          "column": 27
        },
        "end": {
          "line": 66,
          "column": 36
        }
      },
      "10": {
        "start": {
          "line": 91,
          "column": 25
        },
        "end": {
          "line": 98,
          "column": 1
        }
      },
      "11": {
        "start": {
          "line": 100,
          "column": 21
        },
        "end": {
          "line": 110,
          "column": 1
        }
      }
    },
    "fnMap": {
      "0": {
        "name": "(anonymous_0)",
        "decl": {
          "start": {
            "line": 30,
            "column": 30
          },
          "end": {
            "line": 30,
            "column": 31
          }
        },
        "loc": {
          "start": {
            "line": 30,
            "column": 36
          },
          "end": {
            "line": 87,
            "column": 1
          }
        },
        "line": 30
      },
      "1": {
        "name": "(anonymous_1)",
        "decl": {
          "start": {
            "line": 45,
            "column": 21
          },
          "end": {
            "line": 45,
            "column": 22
          }
        },
        "loc": {
          "start": {
            "line": 45,
            "column": 27
          },
          "end": {
            "line": 45,
            "column": 36
          }
        },
        "line": 45
      },
      "2": {
        "name": "(anonymous_2)",
        "decl": {
          "start": {
            "line": 66,
            "column": 21
          },
          "end": {
            "line": 66,
            "column": 22
          }
        },
        "loc": {
          "start": {
            "line": 66,
            "column": 27
          },
          "end": {
            "line": 66,
            "column": 36
          }
        },
        "line": 66
      }
    },
    "branchMap": {
      "0": {
        "loc": {
          "start": {
            "line": 37,
            "column": 2
          },
          "end": {
            "line": 53,
            "column": 3
          }
        },
        "type": "if",
        "locations": [
          {
            "start": {
              "line": 37,
              "column": 2
            },
            "end": {
              "line": 53,
              "column": 3
            }
          },
          {
            "start": {
              "line": 37,
              "column": 2
            },
            "end": {
              "line": 53,
              "column": 3
            }
          }
        ],
        "line": 37
      },
      "1": {
        "loc": {
          "start": {
            "line": 37,
            "column": 6
          },
          "end": {
            "line": 37,
            "column": 36
          }
        },
        "type": "binary-expr",
        "locations": [
          {
            "start": {
              "line": 37,
              "column": 6
            },
            "end": {
              "line": 37,
              "column": 25
            }
          },
          {
            "start": {
              "line": 37,
              "column": 29
            },
            "end": {
              "line": 37,
              "column": 36
            }
          }
        ],
        "line": 37
      },
      "2": {
        "loc": {
          "start": {
            "line": 55,
            "column": 2
          },
          "end": {
            "line": 86,
            "column": 3
          }
        },
        "type": "if",
        "locations": [
          {
            "start": {
              "line": 55,
              "column": 2
            },
            "end": {
              "line": 86,
              "column": 3
            }
          },
          {
            "start": {
              "line": 55,
              "column": 2
            },
            "end": {
              "line": 86,
              "column": 3
            }
          }
        ],
        "line": 55
      },
      "3": {
        "loc": {
          "start": {
            "line": 72,
            "column": 11
          },
          "end": {
            "line": 82,
            "column": 11
          }
        },
        "type": "cond-expr",
        "locations": [
          {
            "start": {
              "line": 73,
              "column": 12
            },
            "end": {
              "line": 73,
              "column": 64
            }
          },
          {
            "start": {
              "line": 75,
              "column": 12
            },
            "end": {
              "line": 81,
              "column": 16
            }
          }
        ],
        "line": 72
      }
    },
    "s": {
      "0": 13,
      "1": 13,
      "2": 45,
      "3": 44,
      "4": 44,
      "5": 30,
      "6": 0,
      "7": 14,
      "8": 10,
      "9": 0,
      "10": 13,
      "11": 13
    },
    "f": {
      "0": 45,
      "1": 0,
      "2": 0
    },
    "b": {
      "0": [
        30,
        14
      ],
      "1": [
        44,
        44
      ],
      "2": [
        10,
        4
      ],
      "3": [
        10,
        0
      ]
    },
    "_coverageSchema": "1a1c01bbd47fc00a2c39e90264f33305004495a9",
    "hash": "369fb8722273cd6fe26cde1d286b36e640b940cb"
  },
  "/home/duncan/projects/bugtracker/packages/frontend/src/pages/Dashboard.js": {
    "path": "/home/duncan/projects/bugtracker/packages/frontend/src/pages/Dashboard.js",
    "statementMap": {
      "0": {
        "start": {
          "line": 6,
          "column": 18
        },
        "end": {
          "line": 11,
          "column": 1
        }
      },
      "1": {
        "start": {
          "line": 7,
          "column": 2
        },
        "end": {
          "line": 10,
          "column": 21
        }
      },
      "2": {
        "start": {
          "line": 15,
          "column": 25
        },
        "end": {
          "line": 18,
          "column": 1
        }
      }
    },
    "fnMap": {
      "0": {
        "name": "(anonymous_0)",
        "decl": {
          "start": {
            "line": 6,
            "column": 18
          },
          "end": {
            "line": 6,
            "column": 19
          }
        },
        "loc": {
          "start": {
            "line": 7,
            "column": 2
          },
          "end": {
            "line": 10,
            "column": 21
          }
        },
        "line": 7
      }
    },
    "branchMap": {},
    "s": {
      "0": 13,
      "1": 21,
      "2": 13
    },
    "f": {
      "0": 21
    },
    "b": {},
    "_coverageSchema": "1a1c01bbd47fc00a2c39e90264f33305004495a9",
    "hash": "6c7ed8908459334a5701e75cd20c9b531214fac3"
  },
  "/home/duncan/projects/bugtracker/packages/frontend/src/components/dashboard/DashboardNavbar.js": {
    "path": "/home/duncan/projects/bugtracker/packages/frontend/src/components/dashboard/DashboardNavbar.js",
    "statementMap": {
      "0": {
        "start": {
          "line": 8,
          "column": 24
        },
        "end": {
          "line": 56,
          "column": 1
        }
      },
      "1": {
        "start": {
          "line": 9,
          "column": 21
        },
        "end": {
          "line": 9,
          "column": 30
        }
      },
      "2": {
        "start": {
          "line": 10,
          "column": 15
        },
        "end": {
          "line": 10,
          "column": 24
        }
      },
      "3": {
        "start": {
          "line": 11,
          "column": 2
        },
        "end": {
          "line": 55,
          "column": 4
        }
      },
      "4": {
        "start": {
          "line": 60,
          "column": 21
        },
        "end": {
          "line": 72,
          "column": 1
        }
      },
      "5": {
        "start": {
          "line": 67,
          "column": 23
        },
        "end": {
          "line": 67,
          "column": 43
        }
      },
      "6": {
        "start": {
          "line": 74,
          "column": 17
        },
        "end": {
          "line": 85,
          "column": 1
        }
      },
      "7": {
        "start": {
          "line": 80,
          "column": 23
        },
        "end": {
          "line": 80,
          "column": 43
        }
      },
      "8": {
        "start": {
          "line": 87,
          "column": 16
        },
        "end": {
          "line": 92,
          "column": 1
        }
      },
      "9": {
        "start": {
          "line": 89,
          "column": 23
        },
        "end": {
          "line": 89,
          "column": 43
        }
      },
      "10": {
        "start": {
          "line": 94,
          "column": 16
        },
        "end": {
          "line": 109,
          "column": 1
        }
      },
      "11": {
        "start": {
          "line": 96,
          "column": 22
        },
        "end": {
          "line": 96,
          "column": 45
        }
      },
      "12": {
        "start": {
          "line": 102,
          "column": 24
        },
        "end": {
          "line": 102,
          "column": 48
        }
      },
      "13": {
        "start": {
          "line": 106,
          "column": 23
        },
        "end": {
          "line": 106,
          "column": 43
        }
      }
    },
    "fnMap": {
      "0": {
        "name": "(anonymous_0)",
        "decl": {
          "start": {
            "line": 8,
            "column": 24
          },
          "end": {
            "line": 8,
            "column": 25
          }
        },
        "loc": {
          "start": {
            "line": 8,
            "column": 30
          },
          "end": {
            "line": 56,
            "column": 1
          }
        },
        "line": 8
      },
      "1": {
        "name": "(anonymous_1)",
        "decl": {
          "start": {
            "line": 67,
            "column": 12
          },
          "end": {
            "line": 67,
            "column": 13
          }
        },
        "loc": {
          "start": {
            "line": 67,
            "column": 23
          },
          "end": {
            "line": 67,
            "column": 43
          }
        },
        "line": 67
      },
      "2": {
        "name": "(anonymous_2)",
        "decl": {
          "start": {
            "line": 80,
            "column": 12
          },
          "end": {
            "line": 80,
            "column": 13
          }
        },
        "loc": {
          "start": {
            "line": 80,
            "column": 23
          },
          "end": {
            "line": 80,
            "column": 43
          }
        },
        "line": 80
      },
      "3": {
        "name": "(anonymous_3)",
        "decl": {
          "start": {
            "line": 89,
            "column": 12
          },
          "end": {
            "line": 89,
            "column": 13
          }
        },
        "loc": {
          "start": {
            "line": 89,
            "column": 23
          },
          "end": {
[...]
          "line": 33,
          "column": 4
        }
      },
      "4": {
        "start": {
          "line": 35,
          "column": 19
        },
        "end": {
          "line": 44,
          "column": 3
        }
      },
      "5": {
        "start": {
          "line": 36,
          "column": 32
        },
        "end": {
          "line": 36,
          "column": 40
        }
      },
      "6": {
        "start": {
          "line": 37,
          "column": 18
        },
        "end": {
          "line": 37,
          "column": 46
        }
      },
      "7": {
        "start": {
          "line": 38,
          "column": 4
        },
        "end": {
          "line": 43,
          "column": 5
        }
      },
      "8": {
        "start": {
          "line": 39,
          "column": 6
        },
        "end": {
          "line": 42,
          "column": 9
        }
      },
      "9": {
        "start": {
          "line": 46,
          "column": 2
        },
        "end": {
          "line": 110,
          "column": 4
        }
      },
      "10": {
        "start": {
          "line": 115,
          "column": 19
        },
        "end": {
          "line": 122,
          "column": 1
        }
      },
      "11": {
        "start": {
          "line": 116,
          "column": 22
        },
        "end": {
          "line": 116,
          "column": 45
        }
      },
      "12": {
        "start": {
          "line": 119,
          "column": 24
        },
        "end": {
          "line": 119,
          "column": 47
        }
      },
      "13": {
        "start": {
          "line": 124,
          "column": 37
        },
        "end": {
          "line": 128,
          "column": 1
        }
      }
    },
    "fnMap": {
      "0": {
        "name": "(anonymous_0)",
        "decl": {
          "start": {
            "line": 23,
            "column": 18
          },
          "end": {
            "line": 23,
            "column": 19
          }
        },
        "loc": {
          "start": {
            "line": 23,
            "column": 24
          },
          "end": {
            "line": 111,
            "column": 1
          }
        },
        "line": 23
      },
      "1": {
        "name": "(anonymous_1)",
        "decl": {
          "start": {
            "line": 35,
            "column": 19
          },
          "end": {
            "line": 35,
            "column": 20
          }
        },
        "loc": {
          "start": {
            "line": 35,
            "column": 39
          },
          "end": {
            "line": 44,
            "column": 3
          }
        },
        "line": 35
      },
      "2": {
        "name": "(anonymous_2)",
        "decl": {
          "start": {
            "line": 116,
            "column": 11
          },
          "end": {
            "line": 116,
            "column": 12
          }
        },
        "loc": {
          "start": {
            "line": 116,
            "column": 22
          },
          "end": {
            "line": 116,
            "column": 45
          }
        },
        "line": 116
      },
      "3": {
        "name": "(anonymous_3)",
        "decl": {
          "start": {
            "line": 119,
            "column": 13
          },
          "end": {
            "line": 119,
            "column": 14
          }
        },
        "loc": {
          "start": {
            "line": 119,
            "column": 24
          },
          "end": {
            "line": 119,
            "column": 47
          }
        },
        "line": 119
      }
    },
    "branchMap": {
      "0": {
        "loc": {
          "start": {
            "line": 38,
            "column": 4
          },
          "end": {
            "line": 43,
            "column": 5
          }
        },
        "type": "if",
        "locations": [
          {
            "start": {
              "line": 38,
              "column": 4
            },
            "end": {
              "line": 43,
              "column": 5
            }
          },
          {
            "start": {
              "line": 38,
              "column": 4
            },
            "end": {
              "line": 43,
              "column": 5
            }
          }
        ],
        "line": 38
      },
      "1": {
        "loc": {
          "start": {
            "line": 64,
            "column": 28
          },
          "end": {
            "line": 64,
            "column": 59
          }
        },
        "type": "cond-expr",
        "locations": [
          {
            "start": {
              "line": 64,
              "column": 43
            },
            "end": {
              "line": 64,
              "column": 49
            }
          },
          {
            "start": {
              "line": 64,
              "column": 52
            },
            "end": {
              "line": 64,
              "column": 59
            }
          }
        ],
        "line": 64
      },
      "2": {
        "loc": {
          "start": {
            "line": 65,
            "column": 25
          },
          "end": {
            "line": 65,
            "column": 52
          }
        },
        "type": "cond-expr",
        "locations": [
          {
            "start": {
              "line": 65,
              "column": 40
            },
            "end": {
              "line": 65,
              "column": 47
            }
          },
          {
            "start": {
              "line": 65,
              "column": 50
            },
            "end": {
              "line": 65,
              "column": 52
            }
          }
        ],
        "line": 65
      },
      "3": {
        "loc": {
          "start": {
            "line": 67,
            "column": 13
          },
          "end": {
            "line": 71,
            "column": 13
          }
        },
        "type": "binary-expr",
        "locations": [
          {
            "start": {
              "line": 67,
              "column": 13
            },
            "end": {
              "line": 67,
              "column": 25
            }
          },
          {
            "start": {
              "line": 68,
              "column": 14
            },
            "end": {
              "line": 70,
              "column": 37
            }
          }
        ],
        "line": 67
      },
      "4": {
        "loc": {
          "start": {
            "line": 84,
            "column": 28
          },
          "end": {
            "line": 84,
            "column": 62
          }
        },
        "type": "cond-expr",
        "locations": [
          {
            "start": {
              "line": 84,
              "column": 46
            },
            "end": {
              "line": 84,
              "column": 52
            }
          },
          {
            "start": {
              "line": 84,
              "column": 55
            },
            "end": {
              "line": 84,
              "column": 62
            }
          }
        ],
        "line": 84
      },
      "5": {
        "loc": {
          "start": {
            "line": 85,
            "column": 25
          },
          "end": {
            "line": 85,
            "column": 55
          }
        },
        "type": "cond-expr",
        "locations": [
          {
            "start": {
              "line": 85,
              "column": 43
            },
            "end": {
              "line": 85,
              "column": 50
            }
          },
          {
            "start": {
              "line": 85,
              "column": 53
            },
            "end": {
              "line": 85,
              "column": 55
            }
          }
        ],
        "line": 85
      },
      "6": {
        "loc": {
          "start": {
            "line": 87,
            "column": 13
          },
          "end": {
            "line": 91,
            "column": 13
          }
        },
        "type": "binary-expr",
        "locations": [
          {
            "start": {
              "line": 87,
              "column": 13
            },
            "end": {
              "line": 87,
              "column": 28
            }
          },
          {
            "start": {
              "line": 88,
              "column": 14
            },
            "end": {
              "line": 90,
              "column": 37
            }
          }
        ],
        "line": 87
      },
      "7": {
        "loc": {
          "start": {
            "line": 97,
            "column": 9
          },
          "end": {
            "line": 101,
            "column": 9
          }
        },
        "type": "binary-expr",
        "locations": [
          {
            "start": {
              "line": 97,
              "column": 9
            },
            "end": {
              "line": 97,
              "column": 26
            }
          },
          {
            "start": {
              "line": 98,
              "column": 10
            },
            "end": {
              "line": 100,
              "column": 33
            }
          }
        ],
        "line": 97
      }
    },
    "s": {
      "0": 13,
      "1": 13,
      "2": 0,
      "3": 0,
      "4": 0,
      "5": 0,
      "6": 0,
      "7": 0,
      "8": 0,
      "9": 0,
      "10": 13,
      "11": 0,
      "12": 0,
      "13": 13
    },
    "f": {
      "0": 0,
      "1": 0,
      "2": 0,
      "3": 0
    },
    "b": {
      "0": [
        0,
        0
      ],
      "1": [
        0,
        0
      ],
      "2": [
        0,
        0
      ],
      "3": [
        0,
        0
      ],
      "4": [
        0,
        0
      ],
      "5": [
        0,
        0
      ],
      "6": [
        0,
        0
      ],
      "7": [
        0,
        0
      ]
    },
    "_coverageSchema": "1a1c01bbd47fc00a2c39e90264f33305004495a9",
    "hash": "019c97cb2c209dba991eff91bba1af38be3a3069"
  },
  "/home/duncan/projects/bugtracker/packages/frontend/src/UnauthenticatedApp.js": {
    "path": "/home/duncan/projects/bugtracker/packages/frontend/src/UnauthenticatedApp.js",
    "statementMap": {
      "0": {
        "start": {
          "line": 7,
          "column": 27
        },
        "end": {
          "line": 22,
          "column": 1
        }
      },
      "1": {
        "start": {
          "line": 8,
          "column": 2
        },
        "end": {
          "line": 21,
          "column": 11
        }
      }
    },
    "fnMap": {
      "0": {
        "name": "(anonymous_0)",
        "decl": {
          "start": {
            "line": 7,
            "column": 27
          },
          "end": {
            "line": 7,
            "column": 28
          }
        },
        "loc": {
          "start": {
            "line": 8,
            "column": 2
          },
          "end": {
            "line": 21,
            "column": 11
          }
        },
        "line": 8
      }
    },
    "branchMap": {},
    "s": {
      "0": 13,
      "1": 0
    },
    "f": {
      "0": 0
    },
    "b": {},
    "_coverageSchema": "1a1c01bbd47fc00a2c39e90264f33305004495a9",
    "hash": "18884ad21ab96a49016da3a03a3c00973836952b"
  },
  "/home/duncan/projects/bugtracker/packages/frontend/src/App.js": {
    "path": "/home/duncan/projects/bugtracker/packages/frontend/src/App.js",
    "statementMap": {
      "0": {
        "start": {
          "line": 9,
          "column": 15
        },
        "end": {
          "line": 9,
          "column": 24
        }
      },
      "1": {
        "start": {
          "line": 10,
          "column": 2
        },
        "end": {
          "line": 20,
          "column": 4
        }
      }
    },
    "fnMap": {
      "0": {
        "name": "App",
        "decl": {
          "start": {
            "line": 8,
            "column": 9
          },
          "end": {
            "line": 8,
            "column": 12
          }
        },
        "loc": {
          "start": {
            "line": 8,
            "column": 15
          },
          "end": {
            "line": 21,
            "column": 1
          }
        },
        "line": 8
      }
    },
    "branchMap": {
      "0": {
        "loc": {
          "start": {
            "line": 10,
            "column": 9
          },
          "end": {
            "line": 20,
            "column": 3
          }
        },
        "type": "cond-expr",
        "locations": [
          {
            "start": {
              "line": 11,
              "column": 4
            },
            "end": {
              "line": 14,
              "column": 20
            }
          },
          {
            "start": {
              "line": 16,
              "column": 4
            },
            "end": {
              "line": 19,
              "column": 20
            }
          }
        ],
        "line": 10
      }
    },
    "s": {
      "0": 39,
      "1": 26
    },
    "f": {
      "0": 39
    },
    "b": {
      "0": [
        26,
        0
      ]
    },
    "_coverageSchema": "1a1c01bbd47fc00a2c39e90264f33305004495a9",
    "hash": "c221a6dc79431daaca48085c96bac73f8d785db6"
  },
  "/home/duncan/projects/bugtracker/packages/frontend/src/apolloClient.js": {
    "path": "/home/duncan/projects/bugtracker/packages/frontend/src/apolloClient.js",
    "statementMap": {
      "0": {
        "start": {
          "line": 5,
          "column": 17
        },
        "end": {
          "line": 7,
          "column": 2
        }
      },
      "1": {
        "start": {
          "line": 9,
          "column": 17
        },
        "end": {
          "line": 28,
          "column": 2
        }
      },
      "2": {
        "start": {
          "line": 11,
          "column": 16
        },
        "end": {
          "line": 11,
          "column": 50
        }
      },
      "3": {
        "start": {
          "line": 13,
          "column": 2
        },
        "end": {
          "line": 19,
          "column": 3
        }
      },
      "4": {
        "start": {
          "line": 14,
          "column": 20
        },
        "end": {
          "line": 14,
          "column": 36
        }
      },
      "5": {
        "start": {
          "line": 15,
          "column": 27
        },
        "end": {
          "line": 15,
          "column": 45
        }
      },
      "6": {
        "start": {
          "line": 16,
          "column": 4
        },
        "end": {
          "line": 18,
          "column": 5
        }
      },
      "7": {
        "start": {
          "line": 17,
          "column": 6
        },
        "end": {
          "line": 17,
          "column": 27
        }
      },
      "8": {
        "start": {
          "line": 22,
          "column": 2
        },
        "end": {
          "line": 27,
          "column": 4
        }
      },
      "9": {
        "start": {
          "line": 30,
          "column": 15
        },
        "end": {
          "line": 33,
          "column": 2
        }
      }
    },
    "fnMap": {
      "0": {
        "name": "(anonymous_0)",
        "decl": {
          "start": {
            "line": 9,
            "column": 28
          },
          "end": {
            "line": 9,
            "column": 29
          }
        },
        "loc": {
          "start": {
            "line": 9,
            "column": 48
          },
          "end": {
            "line": 28,
            "column": 1
          }
        },
        "line": 9
      }
    },
    "branchMap": {
      "0": {
        "loc": {
          "start": {
            "line": 13,
            "column": 2
          },
          "end": {
            "line": 19,
            "column": 3
          }
        },
        "type": "if",
        "locations": [
          {
            "start": {
              "line": 13,
              "column": 2
            },
            "end": {
              "line": 19,
              "column": 3
            }
          },
          {
            "start": {
              "line": 13,
              "column": 2
            },
            "end": {
              "line": 19,
              "column": 3
            }
          }
        ],
        "line": 13
      },
      "1": {
        "loc": {
          "start": {
            "line": 16,
            "column": 4
          },
          "end": {
            "line": 18,
            "column": 5
          }
        },
        "type": "if",
        "locations": [
          {
            "start": {
              "line": 16,
              "column": 4
            },
            "end": {
              "line": 18,
              "column": 5
            }
          },
          {
            "start": {
              "line": 16,
              "column": 4
            },
            "end": {
              "line": 18,
              "column": 5
            }
          }
        ],
        "line": 16
      },
      "2": {
        "loc": {
          "start": {
            "line": 25,
            "column": 21
          },
          "end": {
            "line": 25,
            "column": 51
          }
        },
        "type": "cond-expr",
        "locations": [
          {
            "start": {
              "line": 25,
              "column": 29
            },
            "end": {
              "line": 25,
              "column": 46
            }
          },
          {
            "start": {
              "line": 25,
              "column": 49
            },
            "end": {
              "line": 25,
              "column": 51
            }
          }
        ],
        "line": 25
      }
    },
    "s": {
      "0": 13,
      "1": 13,
      "2": 50,
      "3": 50,
      "4": 50,
      "5": 50,
      "6": 50,
      "7": 0,
      "8": 50,
      "9": 13
    },
    "f": {
      "0": 50
    },
    "b": {
      "0": [
        50,
        0
      ],
      "1": [
        0,
        50
      ],
      "2": [
        50,
        0
      ]
    },
    "_coverageSchema": "1a1c01bbd47fc00a2c39e90264f33305004495a9",
    "hash": "1eba18ebe965795a6b9fdcd21deba4af5b7dad32"
  },
  "/home/duncan/projects/bugtracker/packages/frontend/src/context/AppContext.js": {
    "path": "/home/duncan/projects/bugtracker/packages/frontend/src/context/AppContext.js",
    "statementMap": {
      "0": {
        "start": {
          "line": 9,
          "column": 20
        },
        "end": {
          "line": 19,
          "column": 1
        }
      },
      "1": {
        "start": {
          "line": 10,
          "column": 2
        },
        "end": {
          "line": 18,
          "column": 11
        }
      }
    },
    "fnMap": {
      "0": {
        "name": "(anonymous_0)",
        "decl": {
          "start": {
            "line": 9,
            "column": 20
          },
          "end": {
            "line": 9,
            "column": 21
          }
        },
        "loc": {
          "start": {
            "line": 10,
            "column": 2
          },
          "end": {
            "line": 18,
            "column": 11
          }
        },
        "line": 10
      }
    },
    "branchMap": {},
    "s": {
      "0": 13,
      "1": 26
    },
    "f": {
      "0": 26
    },
    "b": {},
    "_coverageSchema": "1a1c01bbd47fc00a2c39e90264f33305004495a9",
    "hash": "1f65a187569eb68df9fe47110f09d24f7f64d3b1"
  },
  "/home/duncan/projects/bugtracker/packages/frontend/src/index.js": {
    "path": "/home/duncan/projects/bugtracker/packages/frontend/src/index.js",
    "statementMap": {
      "0": {
        "start": {
          "line": 6,
          "column": 0
        },
        "end": {
          "line": 13,
          "column": 2
        }
      }
    },
    "fnMap": {},
    "branchMap": {},
    "s": {
      "0": 13
    },
    "f": {},
    "b": {},
    "_coverageSchema": "1a1c01bbd47fc00a2c39e90264f33305004495a9",
    "hash": "9b6cab67f092cfdc81ccd26a1f6f20d5a05f3fc3"
  }
}