{
  "/home/duncan/coding/bugtracker/packages/frontend/src/ui/theme.js": {
    "path": "/home/duncan/coding/bugtracker/packages/frontend/src/ui/theme.js",
    "statementMap": {
      "0": {
        "start": {
          "line": 4,
          "column": 19
        },
        "end": {
          "line": 10,
          "column": 1
        }
      },
      "1": {
        "start": {
          "line": 12,
          "column": 21
        },
        "end": {
          "line": 32,
          "column": 1
        }
      },
      "2": {
        "start": {
          "line": 34,
          "column": 27
        },
        "end": {
          "line": 44,
          "column": 1
        }
      }
    },
    "fnMap": {},
    "branchMap": {},
    "s": {
      "0": 59,
      "1": 59,
      "2": 59
    },
    "f": {},
    "b": {},
    "_coverageSchema": "1a1c01bbd47fc00a2c39e90264f33305004495a9",
    "hash": "eba1036a687f87bdc948feeaaa812b211622061d"
  },
  "/home/duncan/coding/bugtracker/packages/frontend/src/ui/components/LoadingSpinner.js": {
    "path": "/home/duncan/coding/bugtracker/packages/frontend/src/ui/components/LoadingSpinner.js",
    "statementMap": {
      "0": {
        "start": {
          "line": 5,
          "column": 23
        },
        "end": {
          "line": 17,
          "column": 1
        }
      },
      "1": {
        "start": {
          "line": 6,
          "column": 2
        },
        "end": {
          "line": 16,
          "column": 8
        }
      }
    },
    "fnMap": {
      "0": {
        "name": "(anonymous_0)",
        "decl": {
          "start": {
            "line": 5,
            "column": 23
          },
          "end": {
            "line": 5,
            "column": 24
          }
        },
        "loc": {
          "start": {
            "line": 6,
            "column": 2
          },
          "end": {
            "line": 16,
            "column": 8
          }
        },
        "line": 6
      }
    },
    "branchMap": {},
    "s": {
      "0": 59,
      "1": 272
    },
    "f": {
      "0": 272
    },
    "b": {},
    "_coverageSchema": "1a1c01bbd47fc00a2c39e90264f33305004495a9",
    "hash": "8e13274e93d3ac0ce342dc542545d2b4e54e8099"
  },
  "/home/duncan/coding/bugtracker/packages/frontend/src/context/AuthContext.js": {
    "path": "/home/duncan/coding/bugtracker/packages/frontend/src/context/AuthContext.js",
    "statementMap": {
      "0": {
        "start": {
          "line": 6,
          "column": 21
        },
        "end": {
          "line": 14,
          "column": 1
        }
      },
      "1": {
        "start": {
          "line": 16,
          "column": 29
        },
        "end": {
          "line": 25,
          "column": 1
        }
      },
      "2": {
        "start": {
          "line": 27,
          "column": 28
        },
        "end": {
          "line": 36,
          "column": 1
        }
      },
      "3": {
        "start": {
          "line": 38,
          "column": 20
        },
        "end": {
          "line": 38,
          "column": 41
        }
      },
      "4": {
        "start": {
          "line": 40,
          "column": 21
        },
        "end": {
          "line": 85,
          "column": 1
        }
      },
      "5": {
        "start": {
          "line": 41,
          "column": 37
        },
        "end": {
          "line": 43,
          "column": 4
        }
      },
      "6": {
        "start": {
          "line": 44,
          "column": 22
        },
        "end": {
          "line": 44,
          "column": 78
        }
      },
      "7": {
        "start": {
          "line": 45,
          "column": 23
        },
        "end": {
          "line": 47,
          "column": 4
        }
      },
      "8": {
        "start": {
          "line": 49,
          "column": 16
        },
        "end": {
          "line": 57,
          "column": 6
        }
      },
      "9": {
        "start": {
          "line": 50,
          "column": 4
        },
        "end": {
          "line": 57,
          "column": 6
        }
      },
      "10": {
        "start": {
          "line": 51,
          "column": 6
        },
        "end": {
          "line": 55,
          "column": 7
        }
      },
      "11": {
        "start": {
          "line": 52,
          "column": 26
        },
        "end": {
          "line": 52,
          "column": 44
        }
      },
      "12": {
        "start": {
          "line": 53,
          "column": 8
        },
        "end": {
          "line": 53,
          "column": 50
        }
      },
      "13": {
        "start": {
          "line": 54,
          "column": 8
        },
        "end": {
          "line": 54,
          "column": 18
        }
      },
      "14": {
        "start": {
          "line": 56,
          "column": 6
        },
        "end": {
          "line": 56,
          "column": 17
        }
      },
      "15": {
        "start": {
          "line": 59,
          "column": 17
        },
        "end": {
          "line": 69,
          "column": 6
        }
      },
      "16": {
        "start": {
          "line": 60,
          "column": 4
        },
        "end": {
          "line": 69,
          "column": 6
        }
      },
      "17": {
        "start": {
          "line": 63,
          "column": 6
        },
        "end": {
          "line": 67,
          "column": 7
        }
      },
      "18": {
        "start": {
          "line": 64,
          "column": 26
        },
        "end": {
          "line": 64,
          "column": 45
        }
      },
      "19": {
        "start": {
          "line": 65,
          "column": 8
        },
        "end": {
          "line": 65,
          "column": 50
        }
      },
      "20": {
        "start": {
          "line": 66,
          "column": 8
        },
        "end": {
          "line": 66,
          "column": 18
        }
      },
      "21": {
        "start": {
          "line": 68,
          "column": 6
        },
        "end": {
          "line": 68,
          "column": 17
        }
      },
      "22": {
        "start": {
          "line": 71,
          "column": 18
        },
        "end": {
          "line": 71,
          "column": 30
        }
      },
      "23": {
        "start": {
          "line": 72,
          "column": 17
        },
        "end": {
          "line": 76,
          "column": 3
        }
      },
      "24": {
        "start": {
          "line": 73,
          "column": 4
        },
        "end": {
          "line": 73,
          "column": 42
        }
      },
      "25": {
        "start": {
          "line": 74,
          "column": 4
        },
        "end": {
          "line": 74,
          "column": 22
        }
      },
      "26": {
        "start": {
          "line": 75,
          "column": 4
        },
        "end": {
          "line": 75,
          "column": 14
        }
      },
      "27": {
        "start": {
          "line": 78,
          "column": 2
        },
        "end": {
          "line": 80,
          "column": 3
        }
      },
      "28": {
        "start": {
          "line": 79,
          "column": 4
        },
        "end": {
          "line": 79,
          "column": 30
        }
      },
      "29": {
        "start": {
          "line": 81,
          "column": 2
        },
        "end": {
          "line": 84,
          "column": 4
        }
      },
      "30": {
        "start": {
          "line": 87,
          "column": 16
        },
        "end": {
          "line": 87,
          "column": 51
        }
      },
      "31": {
        "start": {
          "line": 87,
          "column": 22
        },
        "end": {
          "line": 87,
          "column": 51
        }
      }
    },
    "fnMap": {
      "0": {
        "name": "(anonymous_0)",
        "decl": {
          "start": {
            "line": 40,
            "column": 21
          },
          "end": {
            "line": 40,
            "column": 22
          }
        },
        "loc": {
          "start": {
            "line": 40,
            "column": 32
          },
          "end": {
            "line": 85,
            "column": 1
          }
        },
        "line": 40
      },
      "1": {
        "name": "(anonymous_1)",
        "decl": {
          "start": {
            "line": 49,
            "column": 16
          },
          "end": {
            "line": 49,
            "column": 17
          }
        },
        "loc": {
          "start": {
            "line": 50,
            "column": 4
          },
          "end": {
            "line": 57,
            "column": 6
          }
        },
        "line": 50
      },
      "2": {
        "name": "(anonymous_2)",
        "decl": {
          "start": {
            "line": 50,
            "column": 55
          },
          "end": {
            "line": 50,
            "column": 56
          }
        },
        "loc": {
          "start": {
            "line": 50,
            "column": 64
          },
          "end": {
            "line": 57,
            "column": 5
          }
        },
        "line": 50
      },
      "3": {
        "name": "(anonymous_3)",
        "decl": {
          "start": {
            "line": 59,
            "column": 17
          },
          "end": {
            "line": 59,
            "column": 18
          }
        },
        "loc": {
          "start": {
            "line": 60,
            "column": 4
          },
          "end": {
            "line": 69,
            "column": 6
          }
        },
        "line": 60
      },
      "4": {
        "name": "(anonymous_4)",
        "decl": {
          "start": {
            "line": 62,
            "column": 12
          },
          "end": {
            "line": 62,
            "column": 13
          }
        },
        "loc": {
          "start": {
            "line": 62,
            "column": 21
          },
          "end": {
            "line": 69,
            "column": 5
          }
        },
        "line": 62
      },
      "5": {
        "name": "(anonymous_5)",
        "decl": {
          "start": {
            "line": 72,
            "column": 17
          },
          "end": {
            "line": 72,
            "column": 18
          }
        },
        "loc": {
          "start": {
            "line": 72,
            "column": 23
          },
          "end": {
            "line": 76,
            "column": 3
          }
        },
        "line": 72
      },
      "6": {
        "name": "(anonymous_6)",
        "decl": {
          "start": {
            "line": 87,
            "column": 16
          },
          "end": {
            "line": 87,
            "column": 17
          }
        },
        "loc": {
          "start": {
            "line": 87,
            "column": 22
          },
          "end": {
            "line": 87,
            "column": 51
          }
        },
        "line": 87
      }
    },
    "branchMap": {
      "0": {
        "loc": {
          "start": {
            "line": 51,
            "column": 6
          },
          "end": {
            "line": 55,
            "column": 7
          }
        },
        "type": "if",
        "locations": [
          {
            "start": {
              "line": 51,
              "column": 6
            },
            "end": {
              "line": 55,
              "column": 7
            }
          },
          {
            "start": {
              "line": 51,
              "column": 6
            },
            "end": {
              "line": 55,
              "column": 7
            }
          }
        ],
        "line": 51
      },
      "1": {
        "loc": {
          "start": {
            "line": 51,
            "column": 10
          },
          "end": {
            "line": 51,
            "column": 75
          }
        },
        "type": "binary-expr",
        "locations": [
          {
            "start": {
              "line": 51,
              "column": 10
            },
            "end": {
              "line": 51,
              "column": 13
            }
          },
          {
            "start": {
              "line": 51,
              "column": 17
            },
            "end": {
              "line": 51,
              "column": 25
            }
          },
          {
            "start": {
              "line": 51,
              "column": 29
            },
            "end": {
              "line": 51,
              "column": 47
            }
          },
          {
            "start": {
              "line": 51,
              "column": 51
            },
            "end": {
              "line": 51,
              "column": 75
            }
          }
        ],
        "line": 51
      },
      "2": {
        "loc": {
          "start": {
            "line": 63,
            "column": 6
          },
          "end": {
            "line": 67,
            "column": 7
          }
        },
        "type": "if",
        "locations": [
          {
            "start": {
              "line": 63,
              "column": 6
            },
            "end": {
              "line": 67,
              "column": 7
            }
          },
          {
            "start": {
              "line": 63,
              "column": 6
            },
            "end": {
              "line": 67,
              "column": 7
            }
          }
        ],
        "line": 63
      },
      "3": {
        "loc": {
          "start": {
            "line": 63,
            "column": 10
          },
          "end": {
            "line": 63,
            "column": 77
          }
        },
        "type": "binary-expr",
        "locations": [
          {
            "start": {
              "line": 63,
              "column": 10
            },
            "end": {
              "line": 63,
              "column": 13
            }
          },
          {
            "start": {
              "line": 63,
              "column": 17
            },
            "end": {
              "line": 63,
              "column": 25
            }
          },
          {
            "start": {
              "line": 63,
              "column": 29
            },
            "end": {
              "line": 63,
              "column": 48
            }
          },
          {
            "start": {
              "line": 63,
              "column": 52
            },
            "end": {
              "line": 63,
              "column": 77
            }
          }
        ],
        "line": 63
      },
      "4": {
        "loc": {
          "start": {
            "line": 78,
            "column": 2
          },
          "end": {
            "line": 80,
            "column": 3
          }
        },
        "type": "if",
        "locations": [
          {
            "start": {
              "line": 78,
              "column": 2
            },
            "end": {
              "line": 80,
              "column": 3
            }
          },
          {
            "start": {
              "line": 78,
              "column": 2
            },
            "end": {
              "line": 80,
              "column": 3
            }
          }
        ],
        "line": 78
      }
    },
    "s": {
      "0": 59,
      "1": 59,
      "2": 59,
      "3": 59,
      "4": 59,
      "5": 442,
      "6": 402,
      "7": 402,
      "8": 402,
      "9": 4,
      "10": 4,
      "11": 2,
      "12": 2,
      "13": 2,
      "14": 4,
      "15": 402,
      "16": 3,
      "17": 3,
      "18": 1,
      "19": 1,
      "20": 1,
      "21": 3,
      "22": 402,
      "23": 402,
      "24": 2,
      "25": 2,
      "26": 2,
      "27": 402,
      "28": 236,
      "29": 166,
      "30": 59,
      "31": 460
    },
    "f": {
      "0": 442,
      "1": 4,
      "2": 4,
      "3": 3,
      "4": 3,
      "5": 2,
      "6": 460
    },
    "b": {
      "0": [
        2,
        2
      ],
      "1": [
        4,
        4,
        4,
        2
      ],
      "2": [
        1,
        2
      ],
      "3": [
        3,
        3,
        3,
        1
      ],
      "4": [
        236,
        166
      ]
    },
    "_coverageSchema": "1a1c01bbd47fc00a2c39e90264f33305004495a9",
    "hash": "f45f32c0cf8c5bf2b09953c51a0dc5d401dd9e18"
  },
  "/home/duncan/coding/bugtracker/packages/frontend/src/context/UserContext.js": {
    "path": "/home/duncan/coding/bugtracker/packages/frontend/src/context/UserContext.js",
    "statementMap": {
      "0": {
        "start": {
          "line": 4,
          "column": 20
        },
        "end": {
          "line": 4,
          "column": 41
        }
      },
      "1": {
        "start": {
          "line": 6,
          "column": 21
        },
        "end": {
          "line": 13,
          "column": 1
        }
      },
      "2": {
        "start": {
          "line": 7,
          "column": 19
        },
        "end": {
          "line": 7,
          "column": 28
        }
      },
      "3": {
        "start": {
          "line": 9,
          "column": 2
        },
        "end": {
          "line": 12,
          "column": 4
        }
      },
      "4": {
        "start": {
          "line": 15,
          "column": 16
        },
        "end": {
          "line": 15,
          "column": 51
        }
      },
      "5": {
        "start": {
          "line": 15,
          "column": 22
        },
        "end": {
          "line": 15,
          "column": 51
        }
      }
    },
    "fnMap": {
      "0": {
        "name": "(anonymous_0)",
        "decl": {
          "start": {
            "line": 6,
            "column": 21
          },
          "end": {
            "line": 6,
            "column": 22
          }
        },
        "loc": {
          "start": {
            "line": 6,
            "column": 32
          },
          "end": {
            "line": 13,
            "column": 1
          }
        },
        "line": 6
      },
      "1": {
        "name": "(anonymous_1)",
        "decl": {
          "start": {
            "line": 15,
            "column": 16
          },
          "end": {
            "line": 15,
            "column": 17
          }
        },
        "loc": {
          "start": {
            "line": 15,
            "column": 22
          },
          "end": {
            "line": 15,
            "column": 51
          }
        },
        "line": 15
      }
    },
    "branchMap": {
      "0": {
        "loc": {
          "start": {
            "line": 11,
            "column": 33
          },
          "end": {
            "line": 11,
            "column": 61
          }
        },
        "type": "cond-expr",
        "locations": [
          {
            "start": {
              "line": 11,
              "column": 40
            },
            "end": {
              "line": 11,
              "column": 54
            }
          },
          {
            "start": {
              "line": 11,
              "column": 57
            },
            "end": {
              "line": 11,
              "column": 61
            }
          }
        ],
        "line": 11
      }
    },
    "s": {
      "0": 59,
      "1": 59,
      "2": 196,
      "3": 156,
      "4": 59,
      "5": 719
    },
    "f": {
      "0": 196,
      "1": 719
    },
    "b": {
      "0": [
        156,
        0
      ]
    },
    "_coverageSchema": "1a1c01bbd47fc00a2c39e90264f33305004495a9",
    "hash": "9d1d06f11d0022d4eaf7fa2c661a7d6ca80b585c"
  },
  "/home/duncan/coding/bugtracker/packages/frontend/src/ui/components/StyledTable.js": {
    "path": "/home/duncan/coding/bugtracker/packages/frontend/src/ui/components/StyledTable.js",
    "statementMap": {
      "0": {
        "start": {
          "line": 4,
          "column": 27
        },
        "end": {
          "line": 8,
          "column": 1
        }
      },
      "1": {
        "start": {
          "line": 10,
          "column": 33
        },
        "end": {
          "line": 15,
          "column": 1
        }
      },
      "2": {
        "start": {
          "line": 13,
          "column": 40
        },
        "end": {
          "line": 13,
          "column": 63
        }
      },
      "3": {
        "start": {
          "line": 17,
          "column": 30
        },
        "end": {
          "line": 21,
          "column": 1
        }
      },
      "4": {
        "start": {
          "line": 19,
          "column": 29
        },
        "end": {
          "line": 19,
          "column": 53
        }
      },
      "5": {
        "start": {
          "line": 23,
          "column": 31
        },
        "end": {
          "line": 25,
          "column": 1
        }
      },
      "6": {
        "start": {
          "line": 27,
          "column": 31
        },
        "end": {
          "line": 34,
          "column": 1
        }
      },
      "7": {
        "start": {
          "line": 28,
          "column": 22
        },
        "end": {
          "line": 28,
          "column": 45
        }
      },
      "8": {
        "start": {
          "line": 31,
          "column": 24
        },
        "end": {
          "line": 31,
          "column": 47
        }
      }
    },
    "fnMap": {
      "0": {
        "name": "(anonymous_0)",
        "decl": {
          "start": {
            "line": 13,
            "column": 29
          },
          "end": {
            "line": 13,
            "column": 30
          }
        },
        "loc": {
          "start": {
            "line": 13,
            "column": 40
          },
          "end": {
            "line": 13,
            "column": 63
          }
        },
        "line": 13
      },
      "1": {
        "name": "(anonymous_1)",
        "decl": {
          "start": {
            "line": 19,
            "column": 18
          },
          "end": {
            "line": 19,
            "column": 19
          }
        },
        "loc": {
          "start": {
            "line": 19,
            "column": 29
          },
          "end": {
            "line": 19,
            "column": 53
          }
        },
        "line": 19
      },
      "2": {
        "name": "(anonymous_2)",
        "decl": {
          "start": {
            "line": 28,
            "column": 11
          },
          "end": {
            "line": 28,
            "column": 12
          }
        },
        "loc": {
          "start": {
            "line": 28,
            "column": 22
          },
          "end": {
            "line": 28,
            "column": 45
          }
        },
        "line": 28
      },
      "3": {
        "name": "(anonymous_3)",
        "decl": {
          "start": {
            "line": 31,
            "column": 13
          },
          "end": {
            "line": 31,
            "column": 14
          }
        },
        "loc": {
          "start": {
            "line": 31,
            "column": 24
          },
          "end": {
            "line": 31,
            "column": 47
          }
        },
        "line": 31
      }
    },
    "branchMap": {},
    "s": {
      "0": 59,
      "1": 59,
      "2": 84,
      "3": 59,
      "4": 28,
      "5": 59,
      "6": 59,
      "7": 64,
      "8": 64
    },
    "f": {
      "0": 84,
      "1": 28,
      "2": 64,
      "3": 64
    },
    "b": {},
    "_coverageSchema": "1a1c01bbd47fc00a2c39e90264f33305004495a9",
    "hash": "ec9325ca1c687fafe4a5ceb13c9582c32d39fd48"
  },
  "/home/duncan/coding/bugtracker/packages/frontend/src/components/table/SortIcon.js": {
    "path": "/home/duncan/coding/bugtracker/packages/frontend/src/components/table/SortIcon.js",
    "statementMap": {
      "0": {
        "start": {
          "line": 6,
          "column": 17
        },
        "end": {
          "line": 14,
          "column": 1
        }
      },
      "1": {
        "start": {
          "line": 7,
          "column": 2
        },
        "end": {
          "line": 9,
          "column": 3
        }
      },
      "2": {
        "start": {
          "line": 8,
          "column": 4
        },
        "end": {
          "line": 8,
          "column": 29
        }
      },
      "3": {
        "start": {
          "line": 10,
          "column": 2
        },
        "end": {
          "line": 12,
          "column": 3
        }
      },
      "4": {
        "start": {
          "line": 11,
          "column": 4
        },
        "end": {
          "line": 11,
          "column": 30
        }
      },
      "5": {
        "start": {
          "line": 13,
          "column": 2
        },
        "end": {
          "line": 13,
          "column": 27
        }
      },
      "6": {
        "start": {
          "line": 18,
          "column": 22
        },
        "end": {
          "line": 21,
          "column": 1
        }
      },
      "7": {
        "start": {
          "line": 23,
          "column": 23
        },
        "end": {
          "line": 26,
          "column": 1
        }
      }
    },
    "fnMap": {
      "0": {
        "name": "(anonymous_0)",
        "decl": {
          "start": {
            "line": 6,
            "column": 17
          },
          "end": {
            "line": 6,
            "column": 18
          }
        },
        "loc": {
          "start": {
            "line": 6,
            "column": 36
          },
          "end": {
            "line": 14,
            "column": 1
          }
        },
        "line": 6
      }
    },
    "branchMap": {
      "0": {
        "loc": {
          "start": {
            "line": 7,
            "column": 2
          },
          "end": {
            "line": 9,
            "column": 3
          }
        },
        "type": "if",
        "locations": [
          {
            "start": {
              "line": 7,
              "column": 2
            },
            "end": {
              "line": 9,
              "column": 3
            }
          },
          {
            "start": {
              "line": 7,
              "column": 2
            },
            "end": {
              "line": 9,
              "column": 3
            }
          }
        ],
        "line": 7
      },
      "1": {
        "loc": {
          "start": {
            "line": 10,
            "column": 2
          },
          "end": {
            "line": 12,
            "column": 3
          }
        },
        "type": "if",
        "locations": [
          {
            "start": {
              "line": 10,
              "column": 2
            },
            "end": {
              "line": 12,
              "column": 3
            }
          },
          {
            "start": {
              "line": 10,
              "column": 2
            },
            "end": {
              "line": 12,
              "column": 3
            }
          }
        ],
        "line": 10
      }
    },
    "s": {
      "0": 59,
      "1": 84,
      "2": 0,
      "3": 84,
      "4": 0,
      "5": 84,
      "6": 59,
      "7": 59
    },
    "f": {
      "0": 84
    },
    "b": {
      "0": [
        0,
        84
      ],
      "1": [
        0,
        84
      ]
    },
    "_coverageSchema": "1a1c01bbd47fc00a2c39e90264f33305004495a9",
    "hash": "fd3671f640e7f07a1b0e778d2bcc5393e696ca2b"
  },
  "/home/duncan/coding/bugtracker/packages/frontend/src/ui/components/SortButton.js": {
    "path": "/home/duncan/coding/bugtracker/packages/frontend/src/ui/components/SortButton.js",
    "statementMap": {
      "0": {
        "start": {
          "line": 3,
          "column": 26
        },
        "end": {
          "line": 6,
          "column": 1
        }
      }
    },
    "fnMap": {},
    "branchMap": {},
    "s": {
      "0": 59
    },
    "f": {},
    "b": {},
    "_coverageSchema": "1a1c01bbd47fc00a2c39e90264f33305004495a9",
    "hash": "d5ea04251d9bd6d0a477029e71dccdb1d3d1e830"
  },
  "/home/duncan/coding/bugtracker/packages/frontend/src/hooks/useSortTable.js": {
    "path": "/home/duncan/coding/bugtracker/packages/frontend/src/hooks/useSortTable.js",
    "statementMap": {
      "0": {
        "start": {
          "line": 3,
          "column": 21
        },
        "end": {
          "line": 34,
          "column": 1
        }
      },
      "1": {
        "start": {
          "line": 4,
          "column": 38
        },
        "end": {
          "line": 4,
          "column": 54
        }
      },
      "2": {
        "start": {
          "line": 6,
          "column": 22
        },
        "end": {
          "line": 20,
          "column": 25
        }
      },
      "3": {
        "start": {
          "line": 7,
          "column": 26
        },
        "end": {
          "line": 7,
          "column": 36
        }
      },
      "4": {
        "start": {
          "line": 8,
          "column": 4
        },
        "end": {
          "line": 18,
          "column": 5
        }
      },
      "5": {
        "start": {
          "line": 9,
          "column": 6
        },
        "end": {
          "line": 17,
          "column": 9
        }
      },
      "6": {
        "start": {
          "line": 10,
          "column": 8
        },
        "end": {
          "line": 12,
          "column": 9
        }
      },
      "7": {
        "start": {
          "line": 11,
          "column": 10
        },
        "end": {
          "line": 11,
          "column": 63
        }
      },
      "8": {
        "start": {
          "line": 13,
          "column": 8
        },
        "end": {
          "line": 15,
          "column": 9
        }
      },
      "9": {
        "start": {
          "line": 14,
          "column": 10
        },
        "end": {
          "line": 14,
          "column": 63
        }
      },
      "10": {
        "start": {
          "line": 16,
          "column": 8
        },
        "end": {
          "line": 16,
          "column": 17
        }
      },
      "11": {
        "start": {
          "line": 19,
          "column": 4
        },
        "end": {
          "line": 19,
          "column": 25
        }
      },
      "12": {
        "start": {
          "line": 22,
          "column": 22
        },
        "end": {
          "line": 32,
          "column": 3
        }
      },
      "13": {
        "start": {
          "line": 23,
          "column": 20
        },
        "end": {
          "line": 23,
          "column": 32
        }
      },
      "14": {
        "start": {
          "line": 24,
          "column": 4
        },
        "end": {
          "line": 30,
          "column": 5
        }
      },
      "15": {
        "start": {
          "line": 29,
          "column": 6
        },
        "end": {
          "line": 29,
          "column": 30
        }
      },
      "16": {
        "start": {
          "line": 31,
          "column": 4
        },
        "end": {
          "line": 31,
          "column": 38
        }
      },
      "17": {
        "start": {
          "line": 33,
          "column": 2
        },
        "end": {
          "line": 33,
          "column": 57
        }
      }
    },
    "fnMap": {
      "0": {
        "name": "(anonymous_0)",
        "decl": {
          "start": {
            "line": 3,
            "column": 21
          },
          "end": {
            "line": 3,
            "column": 22
          }
        },
        "loc": {
          "start": {
            "line": 3,
            "column": 47
          },
          "end": {
            "line": 34,
            "column": 1
          }
        },
        "line": 3
      },
      "1": {
        "name": "(anonymous_1)",
        "decl": {
          "start": {
            "line": 6,
            "column": 30
          },
          "end": {
            "line": 6,
            "column": 31
          }
        },
        "loc": {
          "start": {
            "line": 6,
            "column": 36
          },
          "end": {
            "line": 20,
            "column": 3
          }
        },
        "line": 6
      },
      "2": {
        "name": "(anonymous_2)",
        "decl": {
          "start": {
            "line": 9,
            "column": 25
          },
          "end": {
            "line": 9,
            "column": 26
          }
        },
        "loc": {
          "start": {
            "line": 9,
            "column": 35
          },
          "end": {
            "line": 17,
            "column": 7
          }
        },
        "line": 9
      },
      "3": {
        "name": "(anonymous_3)",
        "decl": {
          "start": {
            "line": 22,
            "column": 22
          },
          "end": {
            "line": 22,
            "column": 23
          }
        },
        "loc": {
          "start": {
            "line": 22,
            "column": 31
          },
          "end": {
            "line": 32,
            "column": 3
          }
        },
        "line": 22
      }
    },
    "branchMap": {
      "0": {
        "loc": {
          "start": {
            "line": 3,
            "column": 29
          },
          "end": {
            "line": 3,
            "column": 42
          }
        },
        "type": "default-arg",
        "locations": [
          {
            "start": {
              "line": 3,
              "column": 38
            },
            "end": {
              "line": 3,
              "column": 42
            }
          }
        ],
        "line": 3
      },
      "1": {
        "loc": {
          "start": {
            "line": 8,
            "column": 4
          },
          "end": {
            "line": 18,
            "column": 5
          }
        },
        "type": "if",
        "locations": [
          {
            "start": {
              "line": 8,
              "column": 4
            },
            "end": {
              "line": 18,
              "column": 5
            }
          },
          {
            "start": {
              "line": 8,
              "column": 4
            },
            "end": {
              "line": 18,
              "column": 5
            }
          }
        ],
        "line": 8
      },
      "2": {
        "loc": {
          "start": {
            "line": 10,
            "column": 8
          },
          "end": {
            "line": 12,
            "column": 9
          }
        },
        "type": "if",
        "locations": [
          {
            "start": {
              "line": 10,
              "column": 8
            },
            "end": {
              "line": 12,
              "column": 9
            }
          },
          {
            "start": {
              "line": 10,
              "column": 8
            },
            "end": {
              "line": 12,
              "column": 9
            }
          }
        ],
        "line": 10
      },
      "3": {
        "loc": {
          "start": {
            "line": 11,
            "column": 17
          },
          "end": {
            "line": 11,
            "column": 62
          }
        },
        "type": "cond-expr",
        "locations": [
          {
            "start": {
              "line": 11,
              "column": 56
            },
            "end": {
              "line": 11,
              "column": 58
            }
          },
          {
            "start": {
              "line": 11,
              "column": 61
            },
            "end": {
              "line": 11,
              "column": 62
            }
          }
        ],
        "line": 11
      },
      "4": {
        "loc": {
          "start": {
            "line": 13,
            "column": 8
          },
          "end": {
            "line": 15,
            "column": 9
          }
        },
        "type": "if",
        "locations": [
          {
            "start": {
              "line": 13,
              "column": 8
            },
            "end": {
              "line": 15,
              "column": 9
            }
          },
          {
            "start": {
              "line": 13,
              "column": 8
            },
            "end": {
              "line": 15,
              "column": 9
            }
          }
        ],
        "line": 13
      },
      "5": {
        "loc": {
          "start": {
            "line": 14,
            "column": 17
          },
          "end": {
            "line": 14,
            "column": 62
          }
        },
        "type": "cond-expr",
        "locations": [
          {
            "start": {
              "line": 14,
              "column": 56
            },
            "end": {
              "line": 14,
              "column": 57
            }
          },
          {
            "start": {
              "line": 14,
              "column": 60
            },
            "end": {
              "line": 14,
              "column": 62
            }
          }
        ],
        "line": 14
      },
      "6": {
        "loc": {
          "start": {
            "line": 24,
            "column": 4
          },
          "end": {
            "line": 30,
            "column": 5
          }
        },
        "type": "if",
        "locations": [
          {
            "start": {
              "line": 24,
              "column": 4
            },
            "end": {
              "line": 30,
              "column": 5
            }
          },
          {
            "start": {
              "line": 24,
              "column": 4
            },
            "end": {
              "line": 30,
              "column": 5
            }
          }
        ],
        "line": 24
      },
      "7": {
        "loc": {
          "start": {
            "line": 25,
            "column": 6
          },
          "end": {
            "line": 27,
            "column": 43
          }
        },
        "type": "binary-expr",
        "locations": [
          {
            "start": {
              "line": 25,
              "column": 6
            },
            "end": {
              "line": 25,
              "column": 16
            }
          },
          {
            "start": {
              "line": 26,
              "column": 6
            },
            "end": {
              "line": 26,
              "column": 28
            }
          },
          {
            "start": {
              "line": 27,
              "column": 6
            },
            "end": {
              "line": 27,
              "column": 43
            }
          }
        ],
        "line": 25
      }
    },
    "s": {
      "0": 59,
      "1": 24,
      "2": 24,
      "3": 24,
      "4": 24,
      "5": 0,
      "6": 0,
      "7": 0,
      "8": 0,
      "9": 0,
      "10": 0,
      "11": 24,
      "12": 24,
      "13": 0,
      "14": 0,
      "15": 0,
      "16": 0,
      "17": 24
    },
    "f": {
      "0": 24,
      "1": 24,
      "2": 0,
      "3": 0
    },
    "b": {
      "0": [
        24
      ],
      "1": [
        0,
        24
      ],
      "2": [
        0,
        0
      ],
      "3": [
        0,
        0
      ],
      "4": [
        0,
        0
      ],
      "5": [
        0,
        0
      ],
      "6": [
        0,
        0
      ],
      "7": [
        0,
        0,
        0
      ]
    },
    "_coverageSchema": "1a1c01bbd47fc00a2c39e90264f33305004495a9",
    "hash": "f9eef201dd6439f3356b698674f05b2dac34671e"
  },
  "/home/duncan/coding/bugtracker/packages/frontend/src/components/table/BugsTableList.js": {
    "path": "/home/duncan/coding/bugtracker/packages/frontend/src/components/table/BugsTableList.js",
    "statementMap": {
      "0": {
        "start": {
          "line": 14,
          "column": 22
        },
        "end": {
          "line": 108,
          "column": 1
        }
      },
      "1": {
        "start": {
          "line": 15,
          "column": 45
        },
        "end": {
          "line": 15,
          "column": 63
        }
      },
      "2": {
        "start": {
          "line": 17,
          "column": 23
        },
        "end": {
          "line": 23,
          "column": 3
        }
      },
      "3": {
        "start": {
          "line": 18,
          "column": 4
        },
        "end": {
          "line": 20,
          "column": 5
        }
      },
      "4": {
        "start": {
          "line": 19,
          "column": 6
        },
        "end": {
          "line": 19,
          "column": 13
        }
      },
      "5": {
        "start": {
          "line": 22,
          "column": 4
        },
        "end": {
          "line": 22,
          "column": 70
        }
      },
      "6": {
        "start": {
          "line": 24,
          "column": 2
        },
        "end": {
          "line": 107,
          "column": 4
        }
      },
      "7": {
        "start": {
          "line": 32,
          "column": 55
        },
        "end": {
          "line": 32,
          "column": 73
        }
      },
      "8": {
        "start": {
          "line": 38,
          "column": 55
        },
        "end": {
          "line": 38,
          "column": 77
        }
      },
      "9": {
        "start": {
          "line": 44,
          "column": 55
        },
        "end": {
          "line": 44,
          "column": 77
        }
      },
      "10": {
        "start": {
          "line": 50,
          "column": 55
        },
        "end": {
          "line": 50,
          "column": 74
        }
      },
      "11": {
        "start": {
          "line": 56,
          "column": 55
        },
        "end": {
          "line": 56,
          "column": 77
        }
      },
      "12": {
        "start": {
          "line": 62,
          "column": 55
        },
        "end": {
          "line": 62,
          "column": 78
        }
      },
      "13": {
        "start": {
          "line": 70,
          "column": 26
        },
        "end": {
          "line": 70,
          "column": 61
        }
      },
      "14": {
        "start": {
          "line": 71,
          "column": 12
        },
        "end": {
          "line": 102,
          "column": 14
        }
      }
    },
    "fnMap": {
      "0": {
        "name": "(anonymous_0)",
        "decl": {
          "start": {
            "line": 14,
            "column": 22
          },
          "end": {
            "line": 14,
            "column": 23
          }
        },
        "loc": {
          "start": {
            "line": 14,
            "column": 43
          },
          "end": {
            "line": 108,
            "column": 1
          }
        },
        "line": 14
      },
      "1": {
        "name": "(anonymous_1)",
        "decl": {
          "start": {
            "line": 17,
            "column": 23
          },
          "end": {
            "line": 17,
            "column": 24
          }
        },
        "loc": {
          "start": {
            "line": 17,
            "column": 33
          },
          "end": {
            "line": 23,
            "column": 3
          }
        },
        "line": 17
      },
      "2": {
        "name": "(anonymous_2)",
        "decl": {
          "start": {
            "line": 32,
            "column": 49
          },
          "end": {
            "line": 32,
            "column": 50
          }
        },
        "loc": {
          "start": {
            "line": 32,
            "column": 55
          },
          "end": {
            "line": 32,
            "column": 73
          }
        },
        "line": 32
      },
      "3": {
        "name": "(anonymous_3)",
        "decl": {
          "start": {
            "line": 38,
            "column": 49
          },
          "end": {
            "line": 38,
            "column": 50
          }
        },
        "loc": {
          "start": {
            "line": 38,
            "column": 55
          },
          "end": {
            "line": 38,
            "column": 77
          }
        },
        "line": 38
      },
      "4": {
        "name": "(anonymous_4)",
        "decl": {
          "start": {
            "line": 44,
            "column": 49
          },
          "end": {
            "line": 44,
            "column": 50
          }
        },
        "loc": {
          "start": {
            "line": 44,
            "column": 55
          },
          "end": {
            "line": 44,
            "column": 77
          }
        },
        "line": 44
      },
      "5": {
        "name": "(anonymous_5)",
        "decl": {
          "start": {
            "line": 50,
            "column": 49
          },
          "end": {
            "line": 50,
            "column": 50
          }
        },
        "loc": {
          "start": {
            "line": 50,
            "column": 55
          },
          "end": {
            "line": 50,
            "column": 74
          }
        },
        "line": 50
      },
      "6": {
        "name": "(anonymous_6)",
        "decl": {
          "start": {
            "line": 56,
            "column": 49
          },
          "end": {
            "line": 56,
            "column": 50
          }
        },
        "loc": {
          "start": {
            "line": 56,
            "column": 55
          },
          "end": {
            "line": 56,
            "column": 77
          }
        },
        "line": 56
      },
      "7": {
        "name": "(anonymous_7)",
        "decl": {
          "start": {
            "line": 62,
            "column": 49
          },
          "end": {
            "line": 62,
            "column": 50
          }
        },
        "loc": {
          "start": {
            "line": 62,
            "column": 55
          },
          "end": {
            "line": 62,
            "column": 78
          }
        },
        "line": 62
      },
      "8": {
        "name": "(anonymous_8)",
        "decl": {
          "start": {
            "line": 69,
            "column": 21
          },
          "end": {
            "line": 69,
            "column": 22
          }
        },
        "loc": {
          "start": {
            "line": 69,
            "column": 30
          },
          "end": {
            "line": 103,
            "column": 11
          }
        },
        "line": 69
      }
    },
    "branchMap": {
      "0": {
        "loc": {
          "start": {
            "line": 18,
            "column": 4
          },
          "end": {
            "line": 20,
            "column": 5
          }
        },
        "type": "if",
        "locations": [
          {
            "start": {
              "line": 18,
              "column": 4
            },
            "end": {
              "line": 20,
              "column": 5
            }
          },
          {
            "start": {
              "line": 18,
              "column": 4
            },
            "end": {
              "line": 20,
              "column": 5
            }
          }
        ],
        "line": 18
      },
      "1": {
        "loc": {
          "start": {
            "line": 22,
            "column": 11
          },
          "end": {
            "line": 22,
            "column": 69
          }
        },
        "type": "cond-expr",
        "locations": [
          {
            "start": {
              "line": 22,
              "column": 37
            },
            "end": {
              "line": 22,
              "column": 57
            }
          },
          {
            "start": {
              "line": 22,
              "column": 60
            },
            "end": {
              "line": 22,
              "column": 69
            }
          }
        ],
        "line": 22
      }
    },
    "s": {
      "0": 59,
      "1": 4,
      "2": 4,
      "3": 24,
      "4": 24,
      "5": 0,
      "6": 4,
      "7": 0,
      "8": 0,
      "9": 0,
      "10": 0,
      "11": 0,
      "12": 0,
      "13": 8,
      "14": 8
    },
    "f": {
      "0": 4,
      "1": 24,
      "2": 0,
      "3": 0,
      "4": 0,
      "5": 0,
      "6": 0,
      "7": 0,
      "8": 8
    },
    "b": {
      "0": [
        24,
        0
      ],
      "1": [
        0,
        0
      ]
    },
    "_coverageSchema": "1a1c01bbd47fc00a2c39e90264f33305004495a9",
    "hash": "54d9972888a0b6fa2db1147bd27b816e4f71f966"
  },
  "/home/duncan/coding/bugtracker/packages/frontend/src/ui/components/StyledDashboardCard.js": {
    "path": "/home/duncan/coding/bugtracker/packages/frontend/src/ui/components/StyledDashboardCard.js",
    "statementMap": {
      "0": {
        "start": {
          "line": 3,
          "column": 26
        },
        "end": {
          "line": 7,
          "column": 1
        }
      },
      "1": {
        "start": {
          "line": 9,
          "column": 27
        },
        "end": {
          "line": 24,
          "column": 1
        }
      },
      "2": {
        "start": {
          "line": 15,
          "column": 37
        },
        "end": {
          "line": 15,
          "column": 63
        }
      },
      "3": {
        "start": {
          "line": 20,
          "column": 23
        },
        "end": {
          "line": 20,
          "column": 43
        }
      },
      "4": {
        "start": {
          "line": 26,
          "column": 25
        },
        "end": {
          "line": 28,
          "column": 1
        }
      }
    },
    "fnMap": {
      "0": {
        "name": "(anonymous_0)",
        "decl": {
          "start": {
            "line": 15,
            "column": 26
          },
          "end": {
            "line": 15,
            "column": 27
          }
        },
        "loc": {
          "start": {
            "line": 15,
            "column": 37
          },
          "end": {
            "line": 15,
            "column": 63
          }
        },
        "line": 15
      },
      "1": {
        "name": "(anonymous_1)",
        "decl": {
          "start": {
            "line": 20,
            "column": 12
          },
          "end": {
            "line": 20,
            "column": 13
          }
        },
        "loc": {
          "start": {
            "line": 20,
            "column": 23
          },
          "end": {
            "line": 20,
            "column": 43
          }
        },
        "line": 20
      }
    },
    "branchMap": {},
    "s": {
      "0": 59,
      "1": 59,
      "2": 156,
      "3": 156,
      "4": 59
    },
    "f": {
      "0": 156,
      "1": 156
    },
    "b": {},
    "_coverageSchema": "1a1c01bbd47fc00a2c39e90264f33305004495a9",
    "hash": "954bb21f4b506d45a45a348729f1fd28e217b4ce"
  },
  "/home/duncan/coding/bugtracker/packages/frontend/src/ui/typography.js": {
    "path": "/home/duncan/coding/bugtracker/packages/frontend/src/ui/typography.js",
    "statementMap": {
      "0": {
        "start": {
          "line": 5,
          "column": 26
        },
        "end": {
          "line": 12,
          "column": 1
        }
      },
      "1": {
        "start": {
          "line": 6,
          "column": 22
        },
        "end": {
          "line": 6,
          "column": 45
        }
      },
      "2": {
        "start": {
          "line": 9,
          "column": 24
        },
        "end": {
          "line": 9,
          "column": 47
        }
      }
    },
    "fnMap": {
      "0": {
        "name": "(anonymous_0)",
        "decl": {
          "start": {
            "line": 6,
            "column": 11
          },
          "end": {
            "line": 6,
            "column": 12
          }
        },
        "loc": {
          "start": {
            "line": 6,
            "column": 22
          },
          "end": {
            "line": 6,
            "column": 45
          }
        },
        "line": 6
      },
      "1": {
        "name": "(anonymous_1)",
        "decl": {
          "start": {
            "line": 9,
            "column": 13
          },
          "end": {
            "line": 9,
            "column": 14
          }
        },
        "loc": {
          "start": {
            "line": 9,
            "column": 24
          },
          "end": {
            "line": 9,
            "column": 47
          }
        },
        "line": 9
      }
    },
    "branchMap": {},
    "s": {
      "0": 59,
      "1": 58,
      "2": 58
    },
    "f": {
      "0": 58,
      "1": 58
    },
    "b": {},
    "_coverageSchema": "1a1c01bbd47fc00a2c39e90264f33305004495a9",
    "hash": "d1d79df1be7215687fe05c7599a1f184092ee22c"
  },
  "/home/duncan/coding/bugtracker/packages/frontend/src/components/dashboard/DashboardMyBugsCard.js": {
    "path": "/home/duncan/coding/bugtracker/packages/frontend/src/components/dashboard/DashboardMyBugsCard.js",
    "statementMap": {
      "0": {
        "start": {
          "line": 16,
          "column": 23
        },
        "end": {
          "line": 45,
          "column": 1
        }
      },
      "1": {
        "start": {
          "line": 48,
          "column": 28
        },
        "end": {
          "line": 107,
          "column": 1
        }
      },
      "2": {
        "start": {
          "line": 49,
          "column": 15
        },
        "end": {
          "line": 49,
          "column": 24
        }
      },
      "3": {
        "start": {
          "line": 51,
          "column": 52
        },
        "end": {
          "line": 55,
          "column": 4
        }
      },
      "4": {
        "start": {
          "line": 56,
          "column": 2
        },
        "end": {
          "line": 72,
          "column": 3
        }
      },
      "5": {
        "start": {
          "line": 57,
          "column": 4
        },
        "end": {
          "line": 71,
          "column": 6
        }
      },
      "6": {
        "start": {
          "line": 64,
          "column": 27
        },
        "end": {
          "line": 64,
          "column": 36
        }
      },
      "7": {
        "start": {
          "line": 73,
          "column": 2
        },
        "end": {
          "line": 106,
          "column": 3
        }
      },
      "8": {
        "start": {
          "line": 74,
          "column": 4
        },
        "end": {
          "line": 105,
          "column": 6
        }
      },
      "9": {
        "start": {
          "line": 81,
          "column": 27
        },
        "end": {
          "line": 81,
          "column": 36
        }
      },
      "10": {
        "start": {
          "line": 111,
          "column": 25
        },
        "end": {
          "line": 118,
          "column": 1
        }
      },
      "11": {
        "start": {
          "line": 120,
          "column": 21
        },
        "end": {
          "line": 130,
          "column": 1
        }
      }
    },
    "fnMap": {
      "0": {
        "name": "(anonymous_0)",
        "decl": {
          "start": {
            "line": 48,
            "column": 28
          },
          "end": {
            "line": 48,
            "column": 29
          }
        },
        "loc": {
          "start": {
            "line": 48,
            "column": 34
          },
          "end": {
            "line": 107,
            "column": 1
          }
        },
        "line": 48
      },
      "1": {
        "name": "(anonymous_1)",
        "decl": {
          "start": {
            "line": 64,
            "column": 21
          },
          "end": {
            "line": 64,
            "column": 22
          }
        },
        "loc": {
          "start": {
            "line": 64,
            "column": 27
          },
          "end": {
            "line": 64,
            "column": 36
          }
        },
        "line": 64
      },
      "2": {
        "name": "(anonymous_2)",
        "decl": {
          "start": {
            "line": 81,
            "column": 21
          },
          "end": {
            "line": 81,
            "column": 22
          }
        },
        "loc": {
          "start": {
            "line": 81,
            "column": 27
          },
          "end": {
            "line": 81,
            "column": 36
          }
        },
        "line": 81
      }
    },
    "branchMap": {
      "0": {
        "loc": {
          "start": {
            "line": 56,
            "column": 2
          },
          "end": {
            "line": 72,
            "column": 3
          }
        },
        "type": "if",
        "locations": [
          {
            "start": {
              "line": 56,
              "column": 2
            },
            "end": {
              "line": 72,
              "column": 3
            }
          },
          {
            "start": {
              "line": 56,
              "column": 2
            },
            "end": {
              "line": 72,
              "column": 3
            }
          }
        ],
        "line": 56
      },
      "1": {
        "loc": {
          "start": {
            "line": 56,
            "column": 6
          },
          "end": {
            "line": 56,
            "column": 36
          }
        },
        "type": "binary-expr",
        "locations": [
          {
            "start": {
              "line": 56,
              "column": 6
            },
            "end": {
              "line": 56,
              "column": 25
            }
          },
          {
            "start": {
              "line": 56,
              "column": 29
            },
            "end": {
              "line": 56,
              "column": 36
            }
          }
        ],
        "line": 56
      },
      "2": {
        "loc": {
          "start": {
            "line": 73,
            "column": 2
          },
          "end": {
            "line": 106,
            "column": 3
          }
        },
        "type": "if",
        "locations": [
          {
            "start": {
              "line": 73,
              "column": 2
            },
            "end": {
              "line": 106,
              "column": 3
            }
          },
          {
            "start": {
              "line": 73,
              "column": 2
            },
            "end": {
              "line": 106,
              "column": 3
            }
          }
        ],
        "line": 73
      },
      "3": {
        "loc": {
          "start": {
            "line": 86,
            "column": 9
          },
          "end": {
            "line": 103,
            "column": 9
          }
        },
        "type": "cond-expr",
        "locations": [
          {
            "start": {
              "line": 88,
              "column": 10
            },
            "end": {
              "line": 97,
              "column": 13
            }
          },
          {
            "start": {
              "line": 99,
              "column": 10
            },
            "end": {
              "line": 102,
              "column": 14
            }
          }
        ],
        "line": 86
      },
      "4": {
        "loc": {
          "start": {
            "line": 86,
            "column": 9
          },
          "end": {
            "line": 87,
            "column": 48
          }
        },
        "type": "binary-expr",
        "locations": [
          {
            "start": {
              "line": 86,
              "column": 9
            },
            "end": {
              "line": 86,
              "column": 50
            }
          },
          {
            "start": {
              "line": 87,
              "column": 8
            },
            "end": {
              "line": 87,
              "column": 48
            }
          }
        ],
        "line": 86
      }
    },
    "s": {
      "0": 59,
      "1": 59,
      "2": 116,
      "3": 112,
      "4": 112,
      "5": 78,
      "6": 0,
      "7": 34,
      "8": 26,
      "9": 0,
      "10": 59,
      "11": 59
    },
    "f": {
      "0": 116,
      "1": 0,
      "2": 0
    },
    "b": {
      "0": [
        78,
        34
      ],
      "1": [
        112,
        112
      ],
      "2": [
        26,
        8
      ],
      "3": [
        2,
        24
      ],
      "4": [
        26,
        24
      ]
    },
    "_coverageSchema": "1a1c01bbd47fc00a2c39e90264f33305004495a9",
    "hash": "c05e3d3579ac8bd13c017969da43cd282eaa4775"
  },
  "/home/duncan/coding/bugtracker/packages/frontend/src/components/table/ProjectTableList.js": {
    "path": "/home/duncan/coding/bugtracker/packages/frontend/src/components/table/ProjectTableList.js",
    "statementMap": {
      "0": {
        "start": {
          "line": 13,
          "column": 25
        },
        "end": {
          "line": 79,
          "column": 1
        }
      },
      "1": {
        "start": {
          "line": 14,
          "column": 45
        },
        "end": {
          "line": 14,
          "column": 67
        }
      },
      "2": {
        "start": {
          "line": 16,
          "column": 23
        },
        "end": {
          "line": 22,
          "column": 3
        }
      },
      "3": {
        "start": {
          "line": 17,
          "column": 4
        },
        "end": {
          "line": 19,
          "column": 5
        }
      },
      "4": {
        "start": {
          "line": 18,
          "column": 6
        },
        "end": {
          "line": 18,
          "column": 13
        }
      },
      "5": {
        "start": {
          "line": 21,
          "column": 4
        },
        "end": {
          "line": 21,
          "column": 70
        }
      },
      "6": {
        "start": {
          "line": 24,
          "column": 2
        },
        "end": {
          "line": 78,
          "column": 4
        }
      },
      "7": {
        "start": {
          "line": 30,
          "column": 53
        },
        "end": {
          "line": 30,
          "column": 78
        }
      },
      "8": {
        "start": {
          "line": 38,
          "column": 29
        },
        "end": {
          "line": 38,
          "column": 55
        }
      },
      "9": {
        "start": {
          "line": 47,
          "column": 29
        },
        "end": {
          "line": 47,
          "column": 55
        }
      },
      "10": {
        "start": {
          "line": 56,
          "column": 10
        },
        "end": {
          "line": 74,
          "column": 27
        }
      }
    },
    "fnMap": {
      "0": {
        "name": "(anonymous_0)",
        "decl": {
          "start": {
            "line": 13,
            "column": 25
          },
          "end": {
            "line": 13,
            "column": 26
          }
        },
        "loc": {
          "start": {
            "line": 13,
            "column": 43
          },
          "end": {
            "line": 79,
            "column": 1
          }
        },
        "line": 13
      },
      "1": {
        "name": "(anonymous_1)",
        "decl": {
          "start": {
            "line": 16,
            "column": 23
          },
          "end": {
            "line": 16,
            "column": 24
          }
        },
        "loc": {
          "start": {
            "line": 16,
            "column": 33
          },
          "end": {
            "line": 22,
            "column": 3
          }
        },
        "line": 16
      },
      "2": {
        "name": "(anonymous_2)",
        "decl": {
          "start": {
            "line": 30,
            "column": 47
          },
          "end": {
            "line": 30,
            "column": 48
          }
        },
        "loc": {
          "start": {
            "line": 30,
            "column": 53
          },
          "end": {
            "line": 30,
            "column": 78
          }
        },
        "line": 30
      },
      "3": {
        "name": "(anonymous_3)",
        "decl": {
          "start": {
            "line": 38,
            "column": 23
          },
          "end": {
            "line": 38,
            "column": 24
          }
        },
        "loc": {
          "start": {
            "line": 38,
            "column": 29
          },
          "end": {
            "line": 38,
            "column": 55
          }
        },
        "line": 38
      },
      "4": {
        "name": "(anonymous_4)",
        "decl": {
          "start": {
            "line": 47,
            "column": 23
          },
          "end": {
            "line": 47,
            "column": 24
          }
        },
        "loc": {
          "start": {
            "line": 47,
            "column": 29
          },
          "end": {
            "line": 47,
            "column": 55
          }
        },
        "line": 47
      },
      "5": {
        "name": "(anonymous_5)",
        "decl": {
          "start": {
            "line": 55,
            "column": 19
          },
          "end": {
            "line": 55,
            "column": 20
          }
        },
        "loc": {
          "start": {
            "line": 56,
            "column": 10
          },
          "end": {
            "line": 74,
            "column": 27
          }
        },
        "line": 56
      }
    },
    "branchMap": {
      "0": {
        "loc": {
          "start": {
            "line": 17,
            "column": 4
          },
          "end": {
            "line": 19,
            "column": 5
          }
        },
        "type": "if",
        "locations": [
          {
            "start": {
              "line": 17,
              "column": 4
            },
            "end": {
              "line": 19,
              "column": 5
            }
          },
          {
            "start": {
              "line": 17,
              "column": 4
            },
            "end": {
              "line": 19,
              "column": 5
            }
          }
        ],
        "line": 17
      },
      "1": {
        "loc": {
          "start": {
            "line": 21,
            "column": 11
          },
          "end": {
            "line": 21,
            "column": 69
          }
        },
        "type": "cond-expr",
        "locations": [
          {
            "start": {
              "line": 21,
              "column": 37
            },
            "end": {
              "line": 21,
              "column": 57
            }
          },
          {
            "start": {
              "line": 21,
              "column": 60
            },
            "end": {
              "line": 21,
              "column": 69
            }
          }
        ],
        "line": 21
      }
    },
    "s": {
      "0": 59,
      "1": 20,
      "2": 20,
      "3": 60,
      "4": 60,
      "5": 0,
      "6": 20,
      "7": 0,
      "8": 0,
      "9": 0,
      "10": 20
    },
    "f": {
      "0": 20,
      "1": 60,
      "2": 0,
      "3": 0,
      "4": 0,
      "5": 20
    },
    "b": {
      "0": [
        60,
        0
      ],
      "1": [
        0,
        0
      ]
    },
    "_coverageSchema": "1a1c01bbd47fc00a2c39e90264f33305004495a9",
    "hash": "02da3614651e135e9db4237d1f74aa20e6463c08"
  },
  "/home/duncan/coding/bugtracker/packages/frontend/src/components/dashboard/DashboardProjectsCard.js": {
    "path": "/home/duncan/coding/bugtracker/packages/frontend/src/components/dashboard/DashboardProjectsCard.js",
    "statementMap": {
      "0": {
        "start": {
          "line": 15,
          "column": 21
        },
        "end": {
          "line": 27,
          "column": 1
        }
      },
      "1": {
        "start": {
          "line": 30,
          "column": 30
        },
        "end": {
          "line": 84,
          "column": 1
        }
      },
      "2": {
        "start": {
          "line": 31,
          "column": 15
        },
        "end": {
          "line": 31,
          "column": 24
        }
      },
      "3": {
        "start": {
          "line": 32,
          "column": 52
        },
        "end": {
          "line": 35,
          "column": 4
        }
      },
      "4": {
        "start": {
          "line": 37,
          "column": 2
        },
        "end": {
          "line": 53,
          "column": 3
        }
      },
      "5": {
        "start": {
          "line": 38,
          "column": 4
        },
        "end": {
          "line": 52,
          "column": 6
        }
      },
      "6": {
        "start": {
          "line": 45,
          "column": 27
        },
        "end": {
          "line": 45,
          "column": 36
        }
      },
      "7": {
        "start": {
          "line": 55,
          "column": 2
        },
        "end": {
          "line": 83,
          "column": 3
        }
      },
      "8": {
        "start": {
          "line": 56,
          "column": 4
        },
        "end": {
          "line": 82,
          "column": 6
        }
      },
      "9": {
        "start": {
          "line": 63,
          "column": 27
        },
        "end": {
          "line": 63,
          "column": 36
        }
      },
      "10": {
        "start": {
          "line": 88,
          "column": 25
        },
        "end": {
          "line": 95,
          "column": 1
        }
      },
      "11": {
        "start": {
          "line": 97,
          "column": 21
        },
        "end": {
          "line": 107,
          "column": 1
        }
      }
    },
    "fnMap": {
      "0": {
        "name": "(anonymous_0)",
        "decl": {
          "start": {
            "line": 30,
            "column": 30
          },
          "end": {
            "line": 30,
            "column": 31
          }
        },
        "loc": {
          "start": {
            "line": 30,
            "column": 36
          },
          "end": {
            "line": 84,
            "column": 1
          }
        },
        "line": 30
      },
      "1": {
        "name": "(anonymous_1)",
        "decl": {
          "start": {
            "line": 45,
            "column": 21
          },
          "end": {
            "line": 45,
            "column": 22
          }
        },
        "loc": {
          "start": {
            "line": 45,
            "column": 27
          },
          "end": {
            "line": 45,
            "column": 36
          }
        },
        "line": 45
      },
      "2": {
        "name": "(anonymous_2)",
        "decl": {
          "start": {
            "line": 63,
            "column": 21
          },
          "end": {
            "line": 63,
            "column": 22
          }
        },
        "loc": {
          "start": {
            "line": 63,
            "column": 27
          },
          "end": {
            "line": 63,
            "column": 36
          }
        },
        "line": 63
      }
    },
    "branchMap": {
      "0": {
        "loc": {
          "start": {
            "line": 37,
            "column": 2
          },
          "end": {
            "line": 53,
            "column": 3
          }
        },
        "type": "if",
        "locations": [
          {
            "start": {
              "line": 37,
              "column": 2
            },
            "end": {
              "line": 53,
              "column": 3
            }
          },
          {
            "start": {
              "line": 37,
              "column": 2
            },
            "end": {
              "line": 53,
              "column": 3
            }
          }
        ],
        "line": 37
      },
      "1": {
        "loc": {
          "start": {
            "line": 37,
            "column": 6
          },
          "end": {
            "line": 37,
            "column": 36
          }
        },
        "type": "binary-expr",
        "locations": [
          {
            "start": {
              "line": 37,
              "column": 6
            },
            "end": {
              "line": 37,
              "column": 25
            }
          },
          {
            "start": {
              "line": 37,
              "column": 29
            },
            "end": {
              "line": 37,
              "column": 36
            }
          }
        ],
        "line": 37
      },
      "2": {
        "loc": {
          "start": {
            "line": 55,
            "column": 2
          },
          "end": {
            "line": 83,
            "column": 3
          }
        },
        "type": "if",
        "locations": [
          {
            "start": {
              "line": 55,
              "column": 2
            },
            "end": {
              "line": 83,
              "column": 3
            }
          },
          {
            "start": {
              "line": 55,
              "column": 2
            },
            "end": {
              "line": 83,
              "column": 3
            }
          }
        ],
        "line": 55
      },
      "3": {
        "loc": {
          "start": {
            "line": 69,
            "column": 11
          },
          "end": {
            "line": 79,
            "column": 11
          }
        },
        "type": "cond-expr",
        "locations": [
          {
            "start": {
              "line": 70,
              "column": 12
            },
            "end": {
              "line": 70,
              "column": 64
            }
          },
          {
            "start": {
              "line": 72,
              "column": 12
            },
            "end": {
              "line": 78,
              "column": 16
            }
          }
        ],
        "line": 69
      }
    },
    "s": {
      "0": 59,
      "1": 59,
      "2": 123,
      "3": 122,
      "4": 122,
      "5": 80,
      "6": 0,
      "7": 42,
      "8": 38,
      "9": 0,
      "10": 59,
      "11": 59
    },
    "f": {
      "0": 123,
      "1": 0,
      "2": 0
    },
    "b": {
      "0": [
        80,
        42
      ],
      "1": [
        122,
        122
      ],
      "2": [
        38,
        4
      ],
      "3": [
        16,
        22
      ]
    },
    "_coverageSchema": "1a1c01bbd47fc00a2c39e90264f33305004495a9",
    "hash": "cb72ba1051d1a662876a40972e02ada77991426c"
  },
  "/home/duncan/coding/bugtracker/packages/frontend/src/pages/Dashboard.js": {
    "path": "/home/duncan/coding/bugtracker/packages/frontend/src/pages/Dashboard.js",
    "statementMap": {
      "0": {
        "start": {
          "line": 6,
          "column": 18
        },
        "end": {
          "line": 11,
          "column": 1
        }
      },
      "1": {
        "start": {
          "line": 7,
          "column": 2
        },
        "end": {
          "line": 10,
          "column": 21
        }
      },
      "2": {
        "start": {
          "line": 15,
          "column": 25
        },
        "end": {
          "line": 18,
          "column": 1
        }
      }
    },
    "fnMap": {
      "0": {
        "name": "(anonymous_0)",
        "decl": {
          "start": {
            "line": 6,
            "column": 18
          },
          "end": {
            "line": 6,
            "column": 19
          }
        },
        "loc": {
          "start": {
            "line": 7,
            "column": 2
          },
          "end": {
            "line": 10,
            "column": 21
          }
        },
        "line": 7
      }
    },
    "branchMap": {},
    "s": {
      "0": 59,
      "1": 53,
      "2": 59
    },
    "f": {
      "0": 53
    },
    "b": {},
    "_coverageSchema": "1a1c01bbd47fc00a2c39e90264f33305004495a9",
    "hash": "c9b16286d5f0345b76901fe424b124d3d724604c"
  },
  "/home/duncan/coding/bugtracker/packages/frontend/src/components/dashboard/DashboardNavbar.js": {
    "path": "/home/duncan/coding/bugtracker/packages/frontend/src/components/dashboard/DashboardNavbar.js",
    "statementMap": {
      "0": {
        "start": {
          "line": 8,
          "column": 24
        },
        "end": {
          "line": 56,
          "column": 1
        }
      },
      "1": {
        "start": {
          "line": 9,
          "column": 21
        },
        "end": {
          "line": 9,
          "column": 30
        }
      },
      "2": {
        "start": {
          "line": 10,
          "column": 15
        },
        "end": {
          "line": 10,
          "column": 24
        }
      },
      "3": {
        "start": {
          "line": 11,
          "column": 2
        },
        "end": {
          "line": 55,
          "column": 4
        }
      },
      "4": {
        "start": {
          "line": 60,
          "column": 21
        },
        "end": {
          "line": 72,
          "column": 1
        }
      },
      "5": {
        "start": {
          "line": 67,
          "column": 23
        },
        "end": {
          "line": 67,
          "column": 43
        }
      },
      "6": {
        "start": {
          "line": 74,
          "column": 17
        },
        "end": {
          "line": 85,
          "column": 1
        }
      },
      "7": {
        "start": {
          "line": 80,
          "column": 23
        },
        "end": {
          "line": 80,
          "column": 43
        }
      },
      "8": {
        "start": {
          "line": 87,
          "column": 16
        },
        "end": {
          "line": 92,
          "column": 1
        }
      },
      "9": {
        "start": {
          "line": 89,
          "column": 23
        },
        "end": {
          "line": 89,
          "column": 43
        }
      },
      "10": {
        "start": {
          "line": 94,
          "column": 16
        },
        "end": {
          "line": 109,
          "column": 1
        }
      },
      "11": {
        "start": {
          "line": 96,
          "column": 22
        },
        "end": {
          "line": 96,
          "column": 45
        }
      },
      "12": {
        "start": {
          "line": 102,
          "column": 24
        },
        "end": {
          "line": 102,
          "column": 48
        }
      },
      "13": {
        "start": {
          "line": 106,
          "column": 23
        },
        "end": {
          "line": 106,
          "column": 43
        }
      }
    },
    "fnMap": {
      "0": {
        "name": "(anonymous_0)",
        "decl": {
          "start": {
            "line": 8,
            "column": 24
          },
          "end": {
            "line": 8,
            "column": 25
          }
        },
        "loc": {
          "start": {
            "line": 8,
            "column": 30
          },
          "end": {
            "line": 56,
            "column": 1
          }
        },
        "line": 8
      },
      "1": {
        "name": "(anonymous_1)",
        "decl": {
          "start": {
            "line": 67,
            "column": 12
          },
          "end": {
            "line": 67,
            "column": 13
          }
        },
        "loc": {
          "start": {
            "line": 67,
            "column": 23
          },
          "end": {
            "line": 67,
            "column": 43
          }
        },
        "line": 67
      },
      "2": {
        "name": "(anonymous_2)",
        "decl": {
          "start": {
            "line": 80,
            "column": 12
          },
          "end": {
            "line": 80,
            "column": 13
          }
        },
        "loc": {
          "start": {
            "line": 80,
            "column": 23
          },
          "end": {
            "line": 80,
            "column": 43
          }
        },
        "line": 80
      },
      "3": {
        "name": "(anonymous_3)",
        "decl": {
          "start": {
            "line": 89,
            "column": 12
          },
          "end": {
            "line": 89,
            "column": 13
          }
        },
        "loc": {
          "start": {
            "line": 89,
            "column": 23
          },
          "end": {
            "line": 89,
[...]
          "line": 25,
          "column": 29
        }
      },
      "3": {
        "start": {
          "line": 31,
          "column": 6
        },
        "end": {
          "line": 34,
          "column": 4
        }
      },
      "4": {
        "start": {
          "line": 36,
          "column": 19
        },
        "end": {
          "line": 45,
          "column": 3
        }
      },
      "5": {
        "start": {
          "line": 37,
          "column": 32
        },
        "end": {
          "line": 37,
          "column": 40
        }
      },
      "6": {
        "start": {
          "line": 38,
          "column": 18
        },
        "end": {
          "line": 38,
          "column": 46
        }
      },
      "7": {
        "start": {
          "line": 39,
          "column": 4
        },
        "end": {
          "line": 44,
          "column": 5
        }
      },
      "8": {
        "start": {
          "line": 40,
          "column": 6
        },
        "end": {
          "line": 43,
          "column": 9
        }
      },
      "9": {
        "start": {
          "line": 47,
          "column": 2
        },
        "end": {
          "line": 107,
          "column": 4
        }
      },
      "10": {
        "start": {
          "line": 112,
          "column": 19
        },
        "end": {
          "line": 119,
          "column": 1
        }
      },
      "11": {
        "start": {
          "line": 113,
          "column": 22
        },
        "end": {
          "line": 113,
          "column": 45
        }
      },
      "12": {
        "start": {
          "line": 116,
          "column": 24
        },
        "end": {
          "line": 116,
          "column": 47
        }
      }
    },
    "fnMap": {
      "0": {
        "name": "(anonymous_0)",
        "decl": {
          "start": {
            "line": 24,
            "column": 18
          },
          "end": {
            "line": 24,
            "column": 19
          }
        },
        "loc": {
          "start": {
            "line": 24,
            "column": 24
          },
          "end": {
            "line": 108,
            "column": 1
          }
        },
        "line": 24
      },
      "1": {
        "name": "(anonymous_1)",
        "decl": {
          "start": {
            "line": 36,
            "column": 19
          },
          "end": {
            "line": 36,
            "column": 20
          }
        },
        "loc": {
          "start": {
            "line": 36,
            "column": 39
          },
          "end": {
            "line": 45,
            "column": 3
          }
        },
        "line": 36
      },
      "2": {
        "name": "(anonymous_2)",
        "decl": {
          "start": {
            "line": 113,
            "column": 11
          },
          "end": {
            "line": 113,
            "column": 12
          }
        },
        "loc": {
          "start": {
            "line": 113,
            "column": 22
          },
          "end": {
            "line": 113,
            "column": 45
          }
        },
        "line": 113
      },
      "3": {
        "name": "(anonymous_3)",
        "decl": {
          "start": {
            "line": 116,
            "column": 13
          },
          "end": {
            "line": 116,
            "column": 14
          }
        },
        "loc": {
          "start": {
            "line": 116,
            "column": 24
          },
          "end": {
            "line": 116,
            "column": 47
          }
        },
        "line": 116
      }
    },
    "branchMap": {
      "0": {
        "loc": {
          "start": {
            "line": 39,
            "column": 4
          },
          "end": {
            "line": 44,
            "column": 5
          }
        },
        "type": "if",
        "locations": [
          {
            "start": {
              "line": 39,
              "column": 4
            },
            "end": {
              "line": 44,
              "column": 5
            }
          },
          {
            "start": {
              "line": 39,
              "column": 4
            },
            "end": {
              "line": 44,
              "column": 5
            }
          }
        ],
        "line": 39
      },
      "1": {
        "loc": {
          "start": {
            "line": 62,
            "column": 26
          },
          "end": {
            "line": 62,
            "column": 57
          }
        },
        "type": "cond-expr",
        "locations": [
          {
            "start": {
              "line": 62,
              "column": 41
            },
            "end": {
              "line": 62,
              "column": 47
            }
          },
          {
            "start": {
              "line": 62,
              "column": 50
            },
            "end": {
              "line": 62,
              "column": 57
            }
          }
        ],
        "line": 62
      },
      "2": {
        "loc": {
          "start": {
            "line": 63,
            "column": 23
          },
          "end": {
            "line": 63,
            "column": 50
          }
        },
        "type": "cond-expr",
        "locations": [
          {
            "start": {
              "line": 63,
              "column": 38
            },
            "end": {
              "line": 63,
              "column": 45
            }
          },
          {
            "start": {
              "line": 63,
              "column": 48
            },
            "end": {
              "line": 63,
              "column": 50
            }
          }
        ],
        "line": 63
      },
      "3": {
        "loc": {
          "start": {
            "line": 65,
            "column": 11
          },
          "end": {
            "line": 69,
            "column": 11
          }
        },
        "type": "binary-expr",
        "locations": [
          {
            "start": {
              "line": 65,
              "column": 11
            },
            "end": {
              "line": 65,
              "column": 23
            }
          },
          {
            "start": {
              "line": 66,
              "column": 12
            },
            "end": {
              "line": 68,
              "column": 35
            }
          }
        ],
        "line": 65
      },
      "4": {
        "loc": {
          "start": {
            "line": 82,
            "column": 26
          },
          "end": {
            "line": 82,
            "column": 60
          }
        },
        "type": "cond-expr",
        "locations": [
          {
            "start": {
              "line": 82,
              "column": 44
            },
            "end": {
              "line": 82,
              "column": 50
            }
          },
          {
            "start": {
              "line": 82,
              "column": 53
            },
            "end": {
              "line": 82,
              "column": 60
            }
          }
        ],
        "line": 82
      },
      "5": {
        "loc": {
          "start": {
            "line": 83,
            "column": 23
          },
          "end": {
            "line": 83,
            "column": 53
          }
        },
        "type": "cond-expr",
        "locations": [
          {
            "start": {
              "line": 83,
              "column": 41
            },
            "end": {
              "line": 83,
              "column": 48
            }
          },
          {
            "start": {
              "line": 83,
              "column": 51
            },
            "end": {
              "line": 83,
              "column": 53
            }
          }
        ],
        "line": 83
      },
      "6": {
        "loc": {
          "start": {
            "line": 85,
            "column": 11
          },
          "end": {
            "line": 89,
            "column": 11
          }
        },
        "type": "binary-expr",
        "locations": [
          {
            "start": {
              "line": 85,
              "column": 11
            },
            "end": {
              "line": 85,
              "column": 26
            }
          },
          {
            "start": {
              "line": 86,
              "column": 12
            },
            "end": {
              "line": 88,
              "column": 35
            }
          }
        ],
        "line": 85
      },
      "7": {
        "loc": {
          "start": {
            "line": 94,
            "column": 9
          },
          "end": {
            "line": 98,
            "column": 9
          }
        },
        "type": "binary-expr",
        "locations": [
          {
            "start": {
              "line": 94,
              "column": 9
            },
            "end": {
              "line": 94,
              "column": 26
            }
          },
          {
            "start": {
              "line": 95,
              "column": 10
            },
            "end": {
              "line": 97,
              "column": 33
            }
          }
        ],
        "line": 94
      }
    },
    "s": {
      "0": 59,
      "1": 59,
      "2": 76,
      "3": 76,
      "4": 76,
      "5": 4,
      "6": 4,
      "7": 4,
      "8": 2,
      "9": 76,
      "10": 59,
      "11": 76,
      "12": 76
    },
    "f": {
      "0": 76,
      "1": 4,
      "2": 76,
      "3": 76
    },
    "b": {
      "0": [
        2,
        2
      ],
      "1": [
        8,
        68
      ],
      "2": [
        8,
        68
      ],
      "3": [
        76,
        8
      ],
      "4": [
        10,
        66
      ],
      "5": [
        10,
        66
      ],
      "6": [
        76,
        10
      ],
      "7": [
        76,
        8
      ]
    },
    "_coverageSchema": "1a1c01bbd47fc00a2c39e90264f33305004495a9",
    "hash": "22cfb16b2c1331ef892fca28a2f20ad3794e6350"
  },
  "/home/duncan/coding/bugtracker/packages/frontend/src/UnauthenticatedApp.js": {
    "path": "/home/duncan/coding/bugtracker/packages/frontend/src/UnauthenticatedApp.js",
    "statementMap": {
      "0": {
        "start": {
          "line": 7,
          "column": 27
        },
        "end": {
          "line": 22,
          "column": 1
        }
      },
      "1": {
        "start": {
          "line": 8,
          "column": 2
        },
        "end": {
          "line": 21,
          "column": 11
        }
      }
    },
    "fnMap": {
      "0": {
        "name": "(anonymous_0)",
        "decl": {
          "start": {
            "line": 7,
            "column": 27
          },
          "end": {
            "line": 7,
            "column": 28
          }
        },
        "loc": {
          "start": {
            "line": 8,
            "column": 2
          },
          "end": {
            "line": 21,
            "column": 11
          }
        },
        "line": 8
      }
    },
    "branchMap": {},
    "s": {
      "0": 59,
      "1": 48
    },
    "f": {
      "0": 48
    },
    "b": {},
    "_coverageSchema": "1a1c01bbd47fc00a2c39e90264f33305004495a9",
    "hash": "f56069c55ec78c79d0c2050b8b5a3fa6ee33330e"
  },
  "/home/duncan/coding/bugtracker/packages/frontend/src/App.js": {
    "path": "/home/duncan/coding/bugtracker/packages/frontend/src/App.js",
    "statementMap": {
      "0": {
        "start": {
          "line": 9,
          "column": 15
        },
        "end": {
          "line": 9,
          "column": 24
        }
      },
      "1": {
        "start": {
          "line": 10,
          "column": 2
        },
        "end": {
          "line": 20,
          "column": 4
        }
      }
    },
    "fnMap": {
      "0": {
        "name": "App",
        "decl": {
          "start": {
            "line": 8,
            "column": 9
          },
          "end": {
            "line": 8,
            "column": 12
          }
        },
        "loc": {
          "start": {
            "line": 8,
            "column": 15
          },
          "end": {
            "line": 21,
            "column": 1
          }
        },
        "line": 8
      }
    },
    "branchMap": {
      "0": {
        "loc": {
          "start": {
            "line": 10,
            "column": 9
          },
          "end": {
            "line": 20,
            "column": 3
          }
        },
        "type": "cond-expr",
        "locations": [
          {
            "start": {
              "line": 11,
              "column": 4
            },
            "end": {
              "line": 14,
              "column": 20
            }
          },
          {
            "start": {
              "line": 16,
              "column": 4
            },
            "end": {
              "line": 19,
              "column": 20
            }
          }
        ],
        "line": 10
      }
    },
    "s": {
      "0": 168,
      "1": 128
    },
    "f": {
      "0": 168
    },
    "b": {
      "0": [
        80,
        48
      ]
    },
    "_coverageSchema": "1a1c01bbd47fc00a2c39e90264f33305004495a9",
    "hash": "5f9d400daff765afd7a99c0f82a9e07019d99281"
  },
  "/home/duncan/coding/bugtracker/packages/frontend/src/apolloClient.js": {
    "path": "/home/duncan/coding/bugtracker/packages/frontend/src/apolloClient.js",
    "statementMap": {
      "0": {
        "start": {
          "line": 5,
          "column": 17
        },
        "end": {
          "line": 7,
          "column": 2
        }
      },
      "1": {
        "start": {
          "line": 9,
          "column": 17
        },
        "end": {
          "line": 28,
          "column": 2
        }
      },
      "2": {
        "start": {
          "line": 11,
          "column": 16
        },
        "end": {
          "line": 11,
          "column": 50
        }
      },
      "3": {
        "start": {
          "line": 13,
          "column": 2
        },
        "end": {
          "line": 19,
          "column": 3
        }
      },
      "4": {
        "start": {
          "line": 14,
          "column": 20
        },
        "end": {
          "line": 14,
          "column": 36
        }
      },
      "5": {
        "start": {
          "line": 15,
          "column": 27
        },
        "end": {
          "line": 15,
          "column": 45
        }
      },
      "6": {
        "start": {
          "line": 16,
          "column": 4
        },
        "end": {
          "line": 18,
          "column": 5
        }
      },
      "7": {
        "start": {
          "line": 17,
          "column": 6
        },
        "end": {
          "line": 17,
          "column": 27
        }
      },
      "8": {
        "start": {
          "line": 22,
          "column": 2
        },
        "end": {
          "line": 27,
          "column": 4
        }
      },
      "9": {
        "start": {
          "line": 30,
          "column": 15
        },
        "end": {
          "line": 33,
          "column": 2
        }
      }
    },
    "fnMap": {
      "0": {
        "name": "(anonymous_0)",
        "decl": {
          "start": {
            "line": 9,
            "column": 28
          },
          "end": {
            "line": 9,
            "column": 29
          }
        },
        "loc": {
          "start": {
            "line": 9,
            "column": 48
          },
          "end": {
            "line": 28,
            "column": 1
          }
        },
        "line": 9
      }
    },
    "branchMap": {
      "0": {
        "loc": {
          "start": {
            "line": 13,
            "column": 2
          },
          "end": {
            "line": 19,
            "column": 3
          }
        },
        "type": "if",
        "locations": [
          {
            "start": {
              "line": 13,
              "column": 2
            },
            "end": {
              "line": 19,
              "column": 3
            }
          },
          {
            "start": {
              "line": 13,
              "column": 2
            },
            "end": {
              "line": 19,
              "column": 3
            }
          }
        ],
        "line": 13
      },
      "1": {
        "loc": {
          "start": {
            "line": 16,
            "column": 4
          },
          "end": {
            "line": 18,
            "column": 5
          }
        },
        "type": "if",
        "locations": [
          {
            "start": {
              "line": 16,
              "column": 4
            },
            "end": {
              "line": 18,
              "column": 5
            }
          },
          {
            "start": {
              "line": 16,
              "column": 4
            },
            "end": {
              "line": 18,
              "column": 5
            }
          }
        ],
        "line": 16
      },
      "2": {
        "loc": {
          "start": {
            "line": 25,
            "column": 21
          },
          "end": {
            "line": 25,
            "column": 51
          }
        },
        "type": "cond-expr",
        "locations": [
          {
            "start": {
              "line": 25,
              "column": 29
            },
            "end": {
              "line": 25,
              "column": 46
            }
          },
          {
            "start": {
              "line": 25,
              "column": 49
            },
            "end": {
              "line": 25,
              "column": 51
            }
          }
        ],
        "line": 25
      }
    },
    "s": {
      "0": 59,
      "1": 59,
      "2": 175,
      "3": 175,
      "4": 144,
      "5": 144,
      "6": 144,
      "7": 0,
      "8": 175,
      "9": 59
    },
    "f": {
      "0": 175
    },
    "b": {
      "0": [
        144,
        31
      ],
      "1": [
        0,
        144
      ],
      "2": [
        144,
        31
      ]
    },
    "_coverageSchema": "1a1c01bbd47fc00a2c39e90264f33305004495a9",
    "hash": "8e4944a0e4d139db5e64730caa196d2ff9722fe1"
  },
  "/home/duncan/coding/bugtracker/packages/frontend/src/context/AppContext.js": {
    "path": "/home/duncan/coding/bugtracker/packages/frontend/src/context/AppContext.js",
    "statementMap": {
      "0": {
        "start": {
          "line": 9,
          "column": 20
        },
        "end": {
          "line": 19,
          "column": 1
        }
      },
      "1": {
        "start": {
          "line": 10,
          "column": 2
        },
        "end": {
          "line": 18,
          "column": 11
        }
      }
    },
    "fnMap": {
      "0": {
        "name": "(anonymous_0)",
        "decl": {
          "start": {
            "line": 9,
            "column": 20
          },
          "end": {
            "line": 9,
            "column": 21
          }
        },
        "loc": {
          "start": {
            "line": 10,
            "column": 2
          },
          "end": {
            "line": 18,
            "column": 11
          }
        },
        "line": 10
      }
    },
    "branchMap": {},
    "s": {
      "0": 59,
      "1": 118
    },
    "f": {
      "0": 118
    },
    "b": {},
    "_coverageSchema": "1a1c01bbd47fc00a2c39e90264f33305004495a9",
    "hash": "c7cc8094df74738e76fb83a310b28e37c82baebd"
  },
  "/home/duncan/coding/bugtracker/packages/frontend/src/index.js": {
    "path": "/home/duncan/coding/bugtracker/packages/frontend/src/index.js",
    "statementMap": {
      "0": {
        "start": {
          "line": 6,
          "column": 0
        },
        "end": {
          "line": 13,
          "column": 2
        }
      }
    },
    "fnMap": {},
    "branchMap": {},
    "s": {
      "0": 59
    },
    "f": {},
    "b": {},
    "_coverageSchema": "1a1c01bbd47fc00a2c39e90264f33305004495a9",
    "hash": "ad87ef7f03769814e52be13275ff579ff4dd0fd6"
  }
}